20/02/21 10:12:26 WARN NettyRpcEnv: Ignored message: HeartbeatResponse(false)
20/02/21 10:12:35 WARN Executor: Issue communicating with driver in heartbeater
org.apache.spark.rpc.RpcTimeoutException: Futures timed out after [10000 milliseconds]. This timeout is controlled by spark.executor.heartbeatInterval
	at org.apache.spark.rpc.RpcTimeout.org$apache$spark$rpc$RpcTimeout$$createRpcTimeoutException(RpcTimeout.scala:47)
	at org.apache.spark.rpc.RpcTimeout$$anonfun$addMessageIfTimeout$1.applyOrElse(RpcTimeout.scala:62)
	at org.apache.spark.rpc.RpcTimeout$$anonfun$addMessageIfTimeout$1.applyOrElse(RpcTimeout.scala:58)
	at scala.runtime.AbstractPartialFunction.apply(AbstractPartialFunction.scala:36)
	at org.apache.spark.rpc.RpcTimeout.awaitResult(RpcTimeout.scala:76)
	at org.apache.spark.rpc.RpcEndpointRef.askSync(RpcEndpointRef.scala:92)
	at org.apache.spark.executor.Executor.org$apache$spark$executor$Executor$$reportHeartBeat(Executor.scala:841)
	at org.apache.spark.executor.Executor$$anon$2$$anonfun$run$1.apply$mcV$sp(Executor.scala:870)
	at org.apache.spark.executor.Executor$$anon$2$$anonfun$run$1.apply(Executor.scala:870)
	at org.apache.spark.executor.Executor$$anon$2$$anonfun$run$1.apply(Executor.scala:870)
	at org.apache.spark.util.Utils$.logUncaughtExceptions(Utils.scala:1945)
	at org.apache.spark.executor.Executor$$anon$2.run(Executor.scala:870)
	at java.util.concurrent.Executors$RunnableAdapter.call(Executors.java:511)
	at java.util.concurrent.FutureTask.runAndReset(FutureTask.java:308)
	at java.util.concurrent.ScheduledThreadPoolExecutor$ScheduledFutureTask.access$301(ScheduledThreadPoolExecutor.java:180)
	at java.util.concurrent.ScheduledThreadPoolExecutor$ScheduledFutureTask.run(ScheduledThreadPoolExecutor.java:294)
	at java.util.concurrent.ThreadPoolExecutor.runWorker(ThreadPoolExecutor.java:1149)
	at java.util.concurrent.ThreadPoolExecutor$Worker.run(ThreadPoolExecutor.java:624)
	at java.lang.Thread.run(Thread.java:748)
Caused by: java.util.concurrent.TimeoutException: Futures timed out after [10000 milliseconds]
	at scala.concurrent.impl.Promise$DefaultPromise.ready(Promise.scala:223)
	at scala.concurrent.impl.Promise$DefaultPromise.result(Promise.scala:227)
	at org.apache.spark.util.ThreadUtils$.awaitResult(ThreadUtils.scala:220)
	at org.apache.spark.rpc.RpcTimeout.awaitResult(RpcTimeout.scala:75)
	... 14 more
20/02/21 10:36:08 WARN CacheManager: Asked to cache already cached data.
20/02/21 10:36:09 INFO SparkContext: Starting job: sql at NativeMethodAccessorImpl.java:0
20/02/21 10:36:09 INFO DAGScheduler: Registering RDD 545 (sql at NativeMethodAccessorImpl.java:0)
20/02/21 10:36:09 INFO DAGScheduler: Got job 66 (sql at NativeMethodAccessorImpl.java:0) with 1 output partitions
20/02/21 10:36:09 INFO DAGScheduler: Final stage: ResultStage 105 (sql at NativeMethodAccessorImpl.java:0)
20/02/21 10:36:09 INFO DAGScheduler: Parents of final stage: List(ShuffleMapStage 104)
20/02/21 10:36:09 INFO DAGScheduler: Missing parents: List(ShuffleMapStage 104)
20/02/21 10:36:09 INFO DAGScheduler: Submitting ShuffleMapStage 104 (MapPartitionsRDD[545] at sql at NativeMethodAccessorImpl.java:0), which has no missing parents
20/02/21 10:36:09 INFO MemoryStore: Block broadcast_104 stored as values in memory (estimated size 37.5 KB, free 912.3 MB)
20/02/21 10:36:09 INFO MemoryStore: Block broadcast_104_piece0 stored as bytes in memory (estimated size 14.3 KB, free 912.2 MB)
20/02/21 10:36:09 INFO BlockManagerInfo: Added broadcast_104_piece0 in memory on 127.0.0.1:63917 (size: 14.3 KB, free: 912.3 MB)
20/02/21 10:36:09 INFO SparkContext: Created broadcast 104 from broadcast at DAGScheduler.scala:1161
20/02/21 10:36:09 INFO DAGScheduler: Submitting 1 missing tasks from ShuffleMapStage 104 (MapPartitionsRDD[545] at sql at NativeMethodAccessorImpl.java:0) (first 15 tasks are for partitions Vector(0))
20/02/21 10:36:09 INFO TaskSchedulerImpl: Adding task set 104.0 with 1 tasks
20/02/21 10:36:09 INFO TaskSetManager: Starting task 0.0 in stage 104.0 (TID 131, localhost, executor driver, partition 0, PROCESS_LOCAL, 11879 bytes)
20/02/21 10:36:09 INFO Executor: Running task 0.0 in stage 104.0 (TID 131)
20/02/21 10:36:09 INFO BlockManager: Found block rdd_467_0 locally
20/02/21 10:36:09 INFO Executor: Finished task 0.0 in stage 104.0 (TID 131). 2024 bytes result sent to driver
20/02/21 10:36:09 INFO TaskSetManager: Finished task 0.0 in stage 104.0 (TID 131) in 90 ms on localhost (executor driver) (1/1)
20/02/21 10:36:09 INFO TaskSchedulerImpl: Removed TaskSet 104.0, whose tasks have all completed, from pool 
20/02/21 10:36:09 INFO DAGScheduler: ShuffleMapStage 104 (sql at NativeMethodAccessorImpl.java:0) finished in 0.302 s
20/02/21 10:36:09 INFO DAGScheduler: looking for newly runnable stages
20/02/21 10:36:09 INFO DAGScheduler: running: Set()
20/02/21 10:36:09 INFO DAGScheduler: waiting: Set(ResultStage 105)
20/02/21 10:36:09 INFO DAGScheduler: failed: Set()
20/02/21 10:36:09 INFO DAGScheduler: Submitting ResultStage 105 (MapPartitionsRDD[548] at sql at NativeMethodAccessorImpl.java:0), which has no missing parents
20/02/21 10:36:09 INFO MemoryStore: Block broadcast_105 stored as values in memory (estimated size 7.1 KB, free 912.2 MB)
20/02/21 10:36:09 INFO MemoryStore: Block broadcast_105_piece0 stored as bytes in memory (estimated size 3.8 KB, free 912.2 MB)
20/02/21 10:36:09 INFO BlockManagerInfo: Added broadcast_105_piece0 in memory on 127.0.0.1:63917 (size: 3.8 KB, free: 912.3 MB)
20/02/21 10:36:09 INFO SparkContext: Created broadcast 105 from broadcast at DAGScheduler.scala:1161
20/02/21 10:36:09 INFO DAGScheduler: Submitting 1 missing tasks from ResultStage 105 (MapPartitionsRDD[548] at sql at NativeMethodAccessorImpl.java:0) (first 15 tasks are for partitions Vector(0))
20/02/21 10:36:09 INFO TaskSchedulerImpl: Adding task set 105.0 with 1 tasks
20/02/21 10:36:09 INFO TaskSetManager: Starting task 0.0 in stage 105.0 (TID 132, localhost, executor driver, partition 0, ANY, 7767 bytes)
20/02/21 10:36:09 INFO Executor: Running task 0.0 in stage 105.0 (TID 132)
20/02/21 10:36:09 INFO ShuffleBlockFetcherIterator: Getting 1 non-empty blocks including 1 local blocks and 0 remote blocks
20/02/21 10:36:09 INFO ShuffleBlockFetcherIterator: Started 0 remote fetches in 11 ms
20/02/21 10:36:09 INFO Executor: Finished task 0.0 in stage 105.0 (TID 132). 1696 bytes result sent to driver
20/02/21 10:36:09 INFO TaskSetManager: Finished task 0.0 in stage 105.0 (TID 132) in 19 ms on localhost (executor driver) (1/1)
20/02/21 10:36:09 INFO TaskSchedulerImpl: Removed TaskSet 105.0, whose tasks have all completed, from pool 
20/02/21 10:36:09 INFO DAGScheduler: ResultStage 105 (sql at NativeMethodAccessorImpl.java:0) finished in 0.044 s
20/02/21 10:36:09 INFO DAGScheduler: Job 66 finished: sql at NativeMethodAccessorImpl.java:0, took 0.360133 s
20/02/21 10:36:10 INFO SparkContext: Starting job: collect at arrowconverters.scala:269
20/02/21 10:36:10 INFO DAGScheduler: Registering RDD 553 (collect at arrowconverters.scala:269)
20/02/21 10:36:10 INFO DAGScheduler: Got job 67 (collect at arrowconverters.scala:269) with 1 output partitions
20/02/21 10:36:10 INFO DAGScheduler: Final stage: ResultStage 107 (collect at arrowconverters.scala:269)
20/02/21 10:36:10 INFO DAGScheduler: Parents of final stage: List(ShuffleMapStage 106)
20/02/21 10:36:10 INFO DAGScheduler: Missing parents: List(ShuffleMapStage 106)
20/02/21 10:36:10 INFO DAGScheduler: Submitting ShuffleMapStage 106 (MapPartitionsRDD[553] at collect at arrowconverters.scala:269), which has no missing parents
20/02/21 10:36:10 INFO MemoryStore: Block broadcast_106 stored as values in memory (estimated size 37.5 KB, free 912.2 MB)
20/02/21 10:36:10 INFO MemoryStore: Block broadcast_106_piece0 stored as bytes in memory (estimated size 14.3 KB, free 912.2 MB)
20/02/21 10:36:10 INFO BlockManagerInfo: Added broadcast_106_piece0 in memory on 127.0.0.1:63917 (size: 14.3 KB, free: 912.3 MB)
20/02/21 10:36:10 INFO SparkContext: Created broadcast 106 from broadcast at DAGScheduler.scala:1161
20/02/21 10:36:10 INFO DAGScheduler: Submitting 1 missing tasks from ShuffleMapStage 106 (MapPartitionsRDD[553] at collect at arrowconverters.scala:269) (first 15 tasks are for partitions Vector(0))
20/02/21 10:36:10 INFO TaskSchedulerImpl: Adding task set 106.0 with 1 tasks
20/02/21 10:36:10 INFO TaskSetManager: Starting task 0.0 in stage 106.0 (TID 133, localhost, executor driver, partition 0, PROCESS_LOCAL, 11879 bytes)
20/02/21 10:36:10 INFO Executor: Running task 0.0 in stage 106.0 (TID 133)
20/02/21 10:36:10 INFO BlockManager: Found block rdd_467_0 locally
20/02/21 10:36:10 INFO Executor: Finished task 0.0 in stage 106.0 (TID 133). 2024 bytes result sent to driver
20/02/21 10:36:10 INFO TaskSetManager: Finished task 0.0 in stage 106.0 (TID 133) in 26 ms on localhost (executor driver) (1/1)
20/02/21 10:36:10 INFO TaskSchedulerImpl: Removed TaskSet 106.0, whose tasks have all completed, from pool 
20/02/21 10:36:10 INFO DAGScheduler: ShuffleMapStage 106 (collect at arrowconverters.scala:269) finished in 0.055 s
20/02/21 10:36:10 INFO DAGScheduler: looking for newly runnable stages
20/02/21 10:36:10 INFO DAGScheduler: running: Set()
20/02/21 10:36:10 INFO DAGScheduler: waiting: Set(ResultStage 107)
20/02/21 10:36:10 INFO DAGScheduler: failed: Set()
20/02/21 10:36:10 INFO DAGScheduler: Submitting ResultStage 107 (MapPartitionsRDD[559] at collect at arrowconverters.scala:269), which has no missing parents
20/02/21 10:36:10 INFO MemoryStore: Block broadcast_107 stored as values in memory (estimated size 46.8 KB, free 912.1 MB)
20/02/21 10:36:10 INFO MemoryStore: Block broadcast_107_piece0 stored as bytes in memory (estimated size 18.2 KB, free 912.1 MB)
20/02/21 10:36:10 INFO BlockManagerInfo: Added broadcast_107_piece0 in memory on 127.0.0.1:63917 (size: 18.2 KB, free: 912.2 MB)
20/02/21 10:36:10 INFO SparkContext: Created broadcast 107 from broadcast at DAGScheduler.scala:1161
20/02/21 10:36:10 INFO DAGScheduler: Submitting 1 missing tasks from ResultStage 107 (MapPartitionsRDD[559] at collect at arrowconverters.scala:269) (first 15 tasks are for partitions Vector(0))
20/02/21 10:36:10 INFO TaskSchedulerImpl: Adding task set 107.0 with 1 tasks
20/02/21 10:36:10 INFO TaskSetManager: Starting task 0.0 in stage 107.0 (TID 134, localhost, executor driver, partition 0, ANY, 7767 bytes)
20/02/21 10:36:10 INFO Executor: Running task 0.0 in stage 107.0 (TID 134)
20/02/21 10:36:10 INFO ShuffleBlockFetcherIterator: Getting 1 non-empty blocks including 1 local blocks and 0 remote blocks
20/02/21 10:36:10 INFO ShuffleBlockFetcherIterator: Started 0 remote fetches in 0 ms
20/02/21 10:36:10 INFO Executor: Finished task 0.0 in stage 107.0 (TID 134). 3231 bytes result sent to driver
20/02/21 10:36:10 INFO TaskSetManager: Finished task 0.0 in stage 107.0 (TID 134) in 74 ms on localhost (executor driver) (1/1)
20/02/21 10:36:10 INFO TaskSchedulerImpl: Removed TaskSet 107.0, whose tasks have all completed, from pool 
20/02/21 10:36:10 INFO DAGScheduler: ResultStage 107 (collect at arrowconverters.scala:269) finished in 0.088 s
20/02/21 10:36:10 INFO DAGScheduler: Job 67 finished: collect at arrowconverters.scala:269, took 0.150612 s
20/02/21 10:36:11 INFO SparkContext: Starting job: collect at arrowconverters.scala:269
20/02/21 10:36:11 INFO DAGScheduler: Got job 68 (collect at arrowconverters.scala:269) with 1 output partitions
20/02/21 10:36:11 INFO DAGScheduler: Final stage: ResultStage 108 (collect at arrowconverters.scala:269)
20/02/21 10:36:11 INFO DAGScheduler: Parents of final stage: List()
20/02/21 10:36:11 INFO DAGScheduler: Missing parents: List()
20/02/21 10:36:11 INFO DAGScheduler: Submitting ResultStage 108 (MapPartitionsRDD[565] at collect at arrowconverters.scala:269), which has no missing parents
20/02/21 10:36:11 INFO MemoryStore: Block broadcast_108 stored as values in memory (estimated size 9.5 KB, free 912.1 MB)
20/02/21 10:36:11 INFO MemoryStore: Block broadcast_108_piece0 stored as bytes in memory (estimated size 4.9 KB, free 912.1 MB)
20/02/21 10:36:11 INFO BlockManagerInfo: Added broadcast_108_piece0 in memory on 127.0.0.1:63917 (size: 4.9 KB, free: 912.2 MB)
20/02/21 10:36:11 INFO SparkContext: Created broadcast 108 from broadcast at DAGScheduler.scala:1161
20/02/21 10:36:11 INFO DAGScheduler: Submitting 1 missing tasks from ResultStage 108 (MapPartitionsRDD[565] at collect at arrowconverters.scala:269) (first 15 tasks are for partitions Vector(0))
20/02/21 10:36:11 INFO TaskSchedulerImpl: Adding task set 108.0 with 1 tasks
20/02/21 10:36:11 INFO TaskSetManager: Starting task 0.0 in stage 108.0 (TID 135, localhost, executor driver, partition 0, PROCESS_LOCAL, 8076 bytes)
20/02/21 10:36:11 INFO Executor: Running task 0.0 in stage 108.0 (TID 135)
20/02/21 10:36:11 INFO Executor: Finished task 0.0 in stage 108.0 (TID 135). 1375 bytes result sent to driver
20/02/21 10:36:11 INFO TaskSetManager: Finished task 0.0 in stage 108.0 (TID 135) in 32 ms on localhost (executor driver) (1/1)
20/02/21 10:36:11 INFO TaskSchedulerImpl: Removed TaskSet 108.0, whose tasks have all completed, from pool 
20/02/21 10:36:11 INFO DAGScheduler: ResultStage 108 (collect at arrowconverters.scala:269) finished in 0.067 s
20/02/21 10:36:11 INFO DAGScheduler: Job 68 finished: collect at arrowconverters.scala:269, took 0.068155 s
20/02/21 10:36:13 INFO SparkContext: Starting job: collect at arrowconverters.scala:269
20/02/21 10:36:13 INFO DAGScheduler: Got job 69 (collect at arrowconverters.scala:269) with 4 output partitions
20/02/21 10:36:13 INFO DAGScheduler: Final stage: ResultStage 109 (collect at arrowconverters.scala:269)
20/02/21 10:36:13 INFO DAGScheduler: Parents of final stage: List()
20/02/21 10:36:13 INFO DAGScheduler: Missing parents: List()
20/02/21 10:36:13 INFO DAGScheduler: Submitting ResultStage 109 (MapPartitionsRDD[571] at collect at arrowconverters.scala:269), which has no missing parents
20/02/21 10:36:13 INFO MemoryStore: Block broadcast_109 stored as values in memory (estimated size 9.5 KB, free 912.1 MB)
20/02/21 10:36:13 INFO MemoryStore: Block broadcast_109_piece0 stored as bytes in memory (estimated size 4.9 KB, free 912.1 MB)
20/02/21 10:36:13 INFO BlockManagerInfo: Added broadcast_109_piece0 in memory on 127.0.0.1:63917 (size: 4.9 KB, free: 912.2 MB)
20/02/21 10:36:13 INFO SparkContext: Created broadcast 109 from broadcast at DAGScheduler.scala:1161
20/02/21 10:36:13 INFO DAGScheduler: Submitting 4 missing tasks from ResultStage 109 (MapPartitionsRDD[571] at collect at arrowconverters.scala:269) (first 15 tasks are for partitions Vector(0, 1, 2, 3))
20/02/21 10:36:13 INFO TaskSchedulerImpl: Adding task set 109.0 with 4 tasks
20/02/21 10:36:13 INFO TaskSetManager: Starting task 0.0 in stage 109.0 (TID 136, localhost, executor driver, partition 0, PROCESS_LOCAL, 8133 bytes)
20/02/21 10:36:13 INFO TaskSetManager: Starting task 1.0 in stage 109.0 (TID 137, localhost, executor driver, partition 1, PROCESS_LOCAL, 8254 bytes)
20/02/21 10:36:13 INFO TaskSetManager: Starting task 2.0 in stage 109.0 (TID 138, localhost, executor driver, partition 2, PROCESS_LOCAL, 8173 bytes)
20/02/21 10:36:13 INFO TaskSetManager: Starting task 3.0 in stage 109.0 (TID 139, localhost, executor driver, partition 3, PROCESS_LOCAL, 8246 bytes)
20/02/21 10:36:13 INFO Executor: Running task 0.0 in stage 109.0 (TID 136)
20/02/21 10:36:13 INFO Executor: Running task 3.0 in stage 109.0 (TID 139)
20/02/21 10:36:13 INFO Executor: Running task 2.0 in stage 109.0 (TID 138)
20/02/21 10:36:13 INFO Executor: Running task 1.0 in stage 109.0 (TID 137)
20/02/21 10:36:13 INFO Executor: Finished task 0.0 in stage 109.0 (TID 136). 1433 bytes result sent to driver
20/02/21 10:36:13 INFO Executor: Finished task 1.0 in stage 109.0 (TID 137). 1468 bytes result sent to driver
20/02/21 10:36:13 INFO TaskSetManager: Finished task 0.0 in stage 109.0 (TID 136) in 60 ms on localhost (executor driver) (1/4)
20/02/21 10:36:13 INFO TaskSetManager: Finished task 1.0 in stage 109.0 (TID 137) in 60 ms on localhost (executor driver) (2/4)
20/02/21 10:36:13 INFO Executor: Finished task 2.0 in stage 109.0 (TID 138). 1453 bytes result sent to driver
20/02/21 10:36:13 INFO Executor: Finished task 3.0 in stage 109.0 (TID 139). 1510 bytes result sent to driver
20/02/21 10:36:13 INFO TaskSetManager: Finished task 2.0 in stage 109.0 (TID 138) in 65 ms on localhost (executor driver) (3/4)
20/02/21 10:36:13 INFO TaskSetManager: Finished task 3.0 in stage 109.0 (TID 139) in 64 ms on localhost (executor driver) (4/4)
20/02/21 10:36:13 INFO TaskSchedulerImpl: Removed TaskSet 109.0, whose tasks have all completed, from pool 
20/02/21 10:36:13 INFO DAGScheduler: ResultStage 109 (collect at arrowconverters.scala:269) finished in 0.131 s
20/02/21 10:36:13 INFO DAGScheduler: Job 69 finished: collect at arrowconverters.scala:269, took 0.133122 s
20/02/21 11:05:52 INFO ContextCleaner: Cleaned accumulator 3279
20/02/21 11:05:52 INFO ContextCleaner: Cleaned accumulator 3210
20/02/21 11:05:52 INFO ContextCleaner: Cleaned accumulator 3200
20/02/21 11:05:52 INFO ContextCleaner: Cleaned accumulator 3307
20/02/21 11:05:52 INFO ContextCleaner: Cleaned accumulator 3351
20/02/21 11:05:52 INFO ContextCleaner: Cleaned accumulator 3371
20/02/21 11:05:52 INFO ContextCleaner: Cleaned accumulator 3219
20/02/21 11:05:52 INFO ContextCleaner: Cleaned accumulator 3354
20/02/21 11:05:52 INFO ContextCleaner: Cleaned accumulator 3276
20/02/21 11:05:52 INFO ContextCleaner: Cleaned accumulator 3364
20/02/21 11:05:52 INFO ContextCleaner: Cleaned accumulator 3341
20/02/21 11:05:52 INFO ContextCleaner: Cleaned accumulator 3339
20/02/21 11:05:52 INFO BlockManagerInfo: Removed broadcast_109_piece0 on 127.0.0.1:63917 in memory (size: 4.9 KB, free: 912.2 MB)
20/02/21 11:05:52 INFO ContextCleaner: Cleaned accumulator 3350
20/02/21 11:05:52 INFO ContextCleaner: Cleaned accumulator 3248
20/02/21 11:05:52 INFO ContextCleaner: Cleaned accumulator 3313
20/02/21 11:05:52 INFO ContextCleaner: Cleaned accumulator 3257
20/02/21 11:05:52 INFO ContextCleaner: Cleaned accumulator 3216
20/02/21 11:05:52 INFO ContextCleaner: Cleaned accumulator 3372
20/02/21 11:05:52 INFO ContextCleaner: Cleaned accumulator 3278
20/02/21 11:05:52 INFO ContextCleaner: Cleaned accumulator 3301
20/02/21 11:05:52 INFO ContextCleaner: Cleaned accumulator 3225
20/02/21 11:05:52 INFO ContextCleaner: Cleaned accumulator 3280
20/02/21 11:05:52 INFO ContextCleaner: Cleaned accumulator 3282
20/02/21 11:05:52 INFO ContextCleaner: Cleaned accumulator 3281
20/02/21 11:05:52 INFO ContextCleaner: Cleaned accumulator 3333
20/02/21 11:05:52 INFO ContextCleaner: Cleaned accumulator 3245
20/02/21 11:05:52 INFO ContextCleaner: Cleaned accumulator 3255
20/02/21 11:05:52 INFO ContextCleaner: Cleaned accumulator 3369
20/02/21 11:05:52 INFO ContextCleaner: Cleaned accumulator 3201
20/02/21 11:05:52 INFO ContextCleaner: Cleaned accumulator 3293
20/02/21 11:05:52 INFO ContextCleaner: Cleaned accumulator 3355
20/02/21 11:05:52 INFO ContextCleaner: Cleaned accumulator 3254
20/02/21 11:05:52 INFO ContextCleaner: Cleaned accumulator 3213
20/02/21 11:05:52 INFO ContextCleaner: Cleaned accumulator 3374
20/02/21 11:05:52 INFO ContextCleaner: Cleaned accumulator 3375
20/02/21 11:05:52 INFO ContextCleaner: Cleaned accumulator 3361
20/02/21 11:05:52 INFO ContextCleaner: Cleaned accumulator 3310
20/02/21 11:05:52 INFO ContextCleaner: Cleaned accumulator 3261
20/02/21 11:05:52 INFO ContextCleaner: Cleaned accumulator 3247
20/02/21 11:05:52 INFO ContextCleaner: Cleaned accumulator 3384
20/02/21 11:05:52 INFO ContextCleaner: Cleaned accumulator 3251
20/02/21 11:05:52 INFO ContextCleaner: Cleaned accumulator 3269
20/02/21 11:05:52 INFO ContextCleaner: Cleaned accumulator 3259
20/02/21 11:05:52 INFO ContextCleaner: Cleaned accumulator 3288
20/02/21 11:05:52 INFO ContextCleaner: Cleaned accumulator 3337
20/02/21 11:05:52 INFO ContextCleaner: Cleaned accumulator 3353
20/02/21 11:05:52 INFO ContextCleaner: Cleaned accumulator 3262
20/02/21 11:05:52 INFO ContextCleaner: Cleaned accumulator 3205
20/02/21 11:05:52 INFO ContextCleaner: Cleaned accumulator 3381
20/02/21 11:05:52 INFO ContextCleaner: Cleaned accumulator 3338
20/02/21 11:05:52 INFO ContextCleaner: Cleaned accumulator 3322
20/02/21 11:05:52 INFO ContextCleaner: Cleaned accumulator 3217
20/02/21 11:05:52 INFO ContextCleaner: Cleaned accumulator 3211
20/02/21 11:05:52 INFO ContextCleaner: Cleaned accumulator 3239
20/02/21 11:05:52 INFO ContextCleaner: Cleaned accumulator 3334
20/02/21 11:05:52 INFO ContextCleaner: Cleaned accumulator 3202
20/02/21 11:05:52 INFO ContextCleaner: Cleaned accumulator 3382
20/02/21 11:05:52 INFO ContextCleaner: Cleaned accumulator 3298
20/02/21 11:05:52 INFO ContextCleaner: Cleaned accumulator 3297
20/02/21 11:05:52 INFO ContextCleaner: Cleaned accumulator 3226
20/02/21 11:05:52 INFO ContextCleaner: Cleaned accumulator 3275
20/02/21 11:05:52 INFO ContextCleaner: Cleaned accumulator 3243
20/02/21 11:05:52 INFO ContextCleaner: Cleaned accumulator 3227
20/02/21 11:05:52 INFO ContextCleaner: Cleaned accumulator 3321
20/02/21 11:05:52 INFO ContextCleaner: Cleaned accumulator 3347
20/02/21 11:05:52 INFO ContextCleaner: Cleaned accumulator 3352
20/02/21 11:05:52 INFO ContextCleaner: Cleaned accumulator 3365
20/02/21 11:05:52 INFO ContextCleaner: Cleaned accumulator 3203
20/02/21 11:05:52 INFO ContextCleaner: Cleaned accumulator 3228
20/02/21 11:05:52 INFO ContextCleaner: Cleaned accumulator 3263
20/02/21 11:05:52 INFO ContextCleaner: Cleaned accumulator 3287
20/02/21 11:05:52 INFO ContextCleaner: Cleaned accumulator 3207
20/02/21 11:05:52 INFO ContextCleaner: Cleaned accumulator 3315
20/02/21 11:05:52 INFO ContextCleaner: Cleaned accumulator 3302
20/02/21 11:05:52 INFO ContextCleaner: Cleaned accumulator 3319
20/02/21 11:05:52 INFO BlockManagerInfo: Removed broadcast_107_piece0 on 127.0.0.1:63917 in memory (size: 18.2 KB, free: 912.3 MB)
20/02/21 11:05:52 INFO ContextCleaner: Cleaned accumulator 3264
20/02/21 11:05:52 INFO ContextCleaner: Cleaned accumulator 3296
20/02/21 11:05:52 INFO ContextCleaner: Cleaned accumulator 3277
20/02/21 11:05:52 INFO ContextCleaner: Cleaned accumulator 3300
20/02/21 11:05:52 INFO ContextCleaner: Cleaned accumulator 3230
20/02/21 11:05:52 INFO ContextCleaner: Cleaned accumulator 3379
20/02/21 11:05:52 INFO ContextCleaner: Cleaned accumulator 3292
20/02/21 11:05:52 INFO ContextCleaner: Cleaned accumulator 3349
20/02/21 11:05:52 INFO ContextCleaner: Cleaned accumulator 3324
20/02/21 11:05:52 INFO ContextCleaner: Cleaned accumulator 3260
20/02/21 11:05:52 INFO ContextCleaner: Cleaned accumulator 3332
20/02/21 11:05:52 INFO ContextCleaner: Cleaned accumulator 3356
20/02/21 11:05:52 INFO ContextCleaner: Cleaned accumulator 3311
20/02/21 11:05:52 INFO ContextCleaner: Cleaned accumulator 3362
20/02/21 11:05:52 INFO ContextCleaner: Cleaned accumulator 3342
20/02/21 11:05:52 INFO ContextCleaner: Cleaned accumulator 3220
20/02/21 11:05:52 INFO ContextCleaner: Cleaned accumulator 3295
20/02/21 11:05:52 INFO ContextCleaner: Cleaned accumulator 3329
20/02/21 11:05:52 INFO ContextCleaner: Cleaned accumulator 3199
20/02/21 11:05:52 INFO ContextCleaner: Cleaned accumulator 3215
20/02/21 11:05:52 INFO ContextCleaner: Cleaned accumulator 3299
20/02/21 11:05:52 INFO ContextCleaner: Cleaned accumulator 3380
20/02/21 11:05:52 INFO ContextCleaner: Cleaned accumulator 3305
20/02/21 11:05:52 INFO BlockManagerInfo: Removed broadcast_105_piece0 on 127.0.0.1:63917 in memory (size: 3.8 KB, free: 912.3 MB)
20/02/21 11:05:52 INFO ContextCleaner: Cleaned accumulator 3343
20/02/21 11:05:52 INFO ContextCleaner: Cleaned accumulator 3231
20/02/21 11:05:52 INFO ContextCleaner: Cleaned accumulator 3373
20/02/21 11:05:52 INFO ContextCleaner: Cleaned accumulator 3385
20/02/21 11:05:52 INFO ContextCleaner: Cleaned accumulator 3326
20/02/21 11:05:52 INFO ContextCleaner: Cleaned accumulator 3237
20/02/21 11:05:52 INFO ContextCleaner: Cleaned accumulator 3258
20/02/21 11:05:52 INFO ContextCleaner: Cleaned accumulator 3359
20/02/21 11:05:52 INFO ContextCleaner: Cleaned accumulator 3221
20/02/21 11:05:52 INFO ContextCleaner: Cleaned accumulator 3235
20/02/21 11:05:52 INFO ContextCleaner: Cleaned accumulator 3218
20/02/21 11:05:52 INFO ContextCleaner: Cleaned accumulator 3222
20/02/21 11:05:52 INFO BlockManagerInfo: Removed broadcast_106_piece0 on 127.0.0.1:63917 in memory (size: 14.3 KB, free: 912.3 MB)
20/02/21 11:05:52 INFO ContextCleaner: Cleaned accumulator 3320
20/02/21 11:05:52 INFO ContextCleaner: Cleaned accumulator 3214
20/02/21 11:05:52 INFO ContextCleaner: Cleaned accumulator 3346
20/02/21 11:05:52 INFO ContextCleaner: Cleaned accumulator 3331
20/02/21 11:05:52 INFO ContextCleaner: Cleaned accumulator 3308
20/02/21 11:05:52 INFO ContextCleaner: Cleaned accumulator 3357
20/02/21 11:05:52 INFO ContextCleaner: Cleaned accumulator 3358
20/02/21 11:05:52 INFO ContextCleaner: Cleaned accumulator 3304
20/02/21 11:05:52 INFO ContextCleaner: Cleaned accumulator 3224
20/02/21 11:05:52 INFO ContextCleaner: Cleaned accumulator 3256
20/02/21 11:05:52 INFO ContextCleaner: Cleaned accumulator 3314
20/02/21 11:05:52 INFO ContextCleaner: Cleaned accumulator 3209
20/02/21 11:05:52 INFO ContextCleaner: Cleaned accumulator 3323
20/02/21 11:05:52 INFO ContextCleaner: Cleaned accumulator 3345
20/02/21 11:05:52 INFO ContextCleaner: Cleaned accumulator 3360
20/02/21 11:05:52 INFO ContextCleaner: Cleaned accumulator 3377
20/02/21 11:05:52 INFO ContextCleaner: Cleaned accumulator 3229
20/02/21 11:05:52 INFO ContextCleaner: Cleaned accumulator 3266
20/02/21 11:05:52 INFO ContextCleaner: Cleaned accumulator 3367
20/02/21 11:05:52 INFO ContextCleaner: Cleaned accumulator 3283
20/02/21 11:05:52 INFO ContextCleaner: Cleaned accumulator 3208
20/02/21 11:05:52 INFO ContextCleaner: Cleaned accumulator 3291
20/02/21 11:05:52 INFO ContextCleaner: Cleaned accumulator 3309
20/02/21 11:05:52 INFO ContextCleaner: Cleaned accumulator 3212
20/02/21 11:05:52 INFO ContextCleaner: Cleaned accumulator 3223
20/02/21 11:05:52 INFO ContextCleaner: Cleaned accumulator 3246
20/02/21 11:05:52 INFO ContextCleaner: Cleaned accumulator 3285
20/02/21 11:05:52 INFO ContextCleaner: Cleaned accumulator 3317
20/02/21 11:05:52 INFO ContextCleaner: Cleaned accumulator 3244
20/02/21 11:05:52 INFO ContextCleaner: Cleaned accumulator 3378
20/02/21 11:05:52 INFO ContextCleaner: Cleaned accumulator 3241
20/02/21 11:05:52 INFO ContextCleaner: Cleaned accumulator 3250
20/02/21 11:05:52 INFO ContextCleaner: Cleaned accumulator 3284
20/02/21 11:05:52 INFO ContextCleaner: Cleaned accumulator 3290
20/02/21 11:05:52 INFO ContextCleaner: Cleaned accumulator 3316
20/02/21 11:05:52 INFO ContextCleaner: Cleaned accumulator 3206
20/02/21 11:05:52 INFO ContextCleaner: Cleaned accumulator 3273
20/02/21 11:05:52 INFO ContextCleaner: Cleaned accumulator 3270
20/02/21 11:05:52 INFO ContextCleaner: Cleaned accumulator 3325
20/02/21 11:05:52 INFO ContextCleaner: Cleaned shuffle 39
20/02/21 11:05:52 INFO ContextCleaner: Cleaned accumulator 3267
20/02/21 11:05:52 INFO ContextCleaner: Cleaned accumulator 3271
20/02/21 11:05:52 INFO ContextCleaner: Cleaned accumulator 3318
20/02/21 11:05:52 INFO ContextCleaner: Cleaned accumulator 3272
20/02/21 11:05:52 INFO ContextCleaner: Cleaned accumulator 3240
20/02/21 11:05:52 INFO ContextCleaner: Cleaned accumulator 3286
20/02/21 11:05:52 INFO BlockManagerInfo: Removed broadcast_108_piece0 on 127.0.0.1:63917 in memory (size: 4.9 KB, free: 912.3 MB)
20/02/21 11:05:52 INFO ContextCleaner: Cleaned accumulator 3253
20/02/21 11:05:52 INFO ContextCleaner: Cleaned accumulator 3289
20/02/21 11:05:52 INFO ContextCleaner: Cleaned shuffle 38
20/02/21 11:05:52 INFO ContextCleaner: Cleaned accumulator 3306
20/02/21 11:05:52 INFO ContextCleaner: Cleaned accumulator 3274
20/02/21 11:05:52 INFO ContextCleaner: Cleaned accumulator 3249
20/02/21 11:05:52 INFO ContextCleaner: Cleaned accumulator 3233
20/02/21 11:05:52 INFO ContextCleaner: Cleaned accumulator 3234
20/02/21 11:05:52 INFO ContextCleaner: Cleaned accumulator 3265
20/02/21 11:05:52 INFO ContextCleaner: Cleaned accumulator 3232
20/02/21 11:05:52 INFO ContextCleaner: Cleaned accumulator 3328
20/02/21 11:05:52 INFO ContextCleaner: Cleaned accumulator 3336
20/02/21 11:05:52 INFO ContextCleaner: Cleaned accumulator 3236
20/02/21 11:05:52 INFO ContextCleaner: Cleaned accumulator 3327
20/02/21 11:05:52 INFO ContextCleaner: Cleaned accumulator 3376
20/02/21 11:05:52 INFO ContextCleaner: Cleaned accumulator 3370
20/02/21 11:05:52 INFO ContextCleaner: Cleaned accumulator 3383
20/02/21 11:05:52 INFO ContextCleaner: Cleaned accumulator 3340
20/02/21 11:05:52 INFO ContextCleaner: Cleaned accumulator 3303
20/02/21 11:05:52 INFO ContextCleaner: Cleaned accumulator 3335
20/02/21 11:05:52 INFO ContextCleaner: Cleaned accumulator 3344
20/02/21 11:05:52 INFO ContextCleaner: Cleaned accumulator 3268
20/02/21 11:05:52 INFO ContextCleaner: Cleaned accumulator 3204
20/02/21 11:05:52 INFO ContextCleaner: Cleaned accumulator 3238
20/02/21 11:05:52 INFO ContextCleaner: Cleaned accumulator 3252
20/02/21 11:05:52 INFO ContextCleaner: Cleaned accumulator 3366
20/02/21 11:05:52 INFO ContextCleaner: Cleaned accumulator 3312
20/02/21 11:05:52 INFO ContextCleaner: Cleaned accumulator 3348
20/02/21 11:05:52 INFO ContextCleaner: Cleaned accumulator 3363
20/02/21 11:05:52 INFO ContextCleaner: Cleaned accumulator 3330
20/02/21 11:05:52 INFO ContextCleaner: Cleaned accumulator 3368
20/02/21 11:05:52 INFO ContextCleaner: Cleaned accumulator 3242
20/02/21 11:05:52 INFO BlockManagerInfo: Removed broadcast_104_piece0 on 127.0.0.1:63917 in memory (size: 14.3 KB, free: 912.3 MB)
20/02/21 11:05:53 INFO ContextCleaner: Cleaned accumulator 3294
20/02/21 12:08:37 WARN CacheManager: Asked to cache already cached data.
20/02/21 12:08:37 INFO SparkContext: Starting job: sql at NativeMethodAccessorImpl.java:0
20/02/21 12:08:37 INFO DAGScheduler: Registering RDD 576 (sql at NativeMethodAccessorImpl.java:0)
20/02/21 12:08:37 INFO DAGScheduler: Got job 70 (sql at NativeMethodAccessorImpl.java:0) with 1 output partitions
20/02/21 12:08:37 INFO DAGScheduler: Final stage: ResultStage 111 (sql at NativeMethodAccessorImpl.java:0)
20/02/21 12:08:37 INFO DAGScheduler: Parents of final stage: List(ShuffleMapStage 110)
20/02/21 12:08:37 INFO DAGScheduler: Missing parents: List(ShuffleMapStage 110)
20/02/21 12:08:37 INFO DAGScheduler: Submitting ShuffleMapStage 110 (MapPartitionsRDD[576] at sql at NativeMethodAccessorImpl.java:0), which has no missing parents
20/02/21 12:08:37 INFO MemoryStore: Block broadcast_110 stored as values in memory (estimated size 37.5 KB, free 912.3 MB)
20/02/21 12:08:37 INFO MemoryStore: Block broadcast_110_piece0 stored as bytes in memory (estimated size 14.3 KB, free 912.2 MB)
20/02/21 12:08:37 INFO BlockManagerInfo: Added broadcast_110_piece0 in memory on 127.0.0.1:63917 (size: 14.3 KB, free: 912.3 MB)
20/02/21 12:08:37 INFO SparkContext: Created broadcast 110 from broadcast at DAGScheduler.scala:1161
20/02/21 12:08:37 INFO DAGScheduler: Submitting 1 missing tasks from ShuffleMapStage 110 (MapPartitionsRDD[576] at sql at NativeMethodAccessorImpl.java:0) (first 15 tasks are for partitions Vector(0))
20/02/21 12:08:37 INFO TaskSchedulerImpl: Adding task set 110.0 with 1 tasks
20/02/21 12:08:37 INFO TaskSetManager: Starting task 0.0 in stage 110.0 (TID 140, localhost, executor driver, partition 0, PROCESS_LOCAL, 11879 bytes)
20/02/21 12:08:37 INFO Executor: Running task 0.0 in stage 110.0 (TID 140)
20/02/21 12:08:37 INFO BlockManager: Found block rdd_467_0 locally
20/02/21 12:08:37 INFO Executor: Finished task 0.0 in stage 110.0 (TID 140). 2067 bytes result sent to driver
20/02/21 12:08:37 INFO TaskSetManager: Finished task 0.0 in stage 110.0 (TID 140) in 57 ms on localhost (executor driver) (1/1)
20/02/21 12:08:37 INFO TaskSchedulerImpl: Removed TaskSet 110.0, whose tasks have all completed, from pool 
20/02/21 12:08:37 INFO DAGScheduler: ShuffleMapStage 110 (sql at NativeMethodAccessorImpl.java:0) finished in 0.172 s
20/02/21 12:08:37 INFO DAGScheduler: looking for newly runnable stages
20/02/21 12:08:37 INFO DAGScheduler: running: Set()
20/02/21 12:08:37 INFO DAGScheduler: waiting: Set(ResultStage 111)
20/02/21 12:08:37 INFO DAGScheduler: failed: Set()
20/02/21 12:08:37 INFO DAGScheduler: Submitting ResultStage 111 (MapPartitionsRDD[579] at sql at NativeMethodAccessorImpl.java:0), which has no missing parents
20/02/21 12:08:37 INFO MemoryStore: Block broadcast_111 stored as values in memory (estimated size 7.1 KB, free 912.2 MB)
20/02/21 12:08:37 INFO MemoryStore: Block broadcast_111_piece0 stored as bytes in memory (estimated size 3.8 KB, free 912.2 MB)
20/02/21 12:08:37 INFO BlockManagerInfo: Added broadcast_111_piece0 in memory on 127.0.0.1:63917 (size: 3.8 KB, free: 912.3 MB)
20/02/21 12:08:37 INFO SparkContext: Created broadcast 111 from broadcast at DAGScheduler.scala:1161
20/02/21 12:08:37 INFO DAGScheduler: Submitting 1 missing tasks from ResultStage 111 (MapPartitionsRDD[579] at sql at NativeMethodAccessorImpl.java:0) (first 15 tasks are for partitions Vector(0))
20/02/21 12:08:37 INFO TaskSchedulerImpl: Adding task set 111.0 with 1 tasks
20/02/21 12:08:37 INFO TaskSetManager: Starting task 0.0 in stage 111.0 (TID 141, localhost, executor driver, partition 0, ANY, 7767 bytes)
20/02/21 12:08:37 INFO Executor: Running task 0.0 in stage 111.0 (TID 141)
20/02/21 12:08:37 INFO ShuffleBlockFetcherIterator: Getting 1 non-empty blocks including 1 local blocks and 0 remote blocks
20/02/21 12:08:37 INFO ShuffleBlockFetcherIterator: Started 0 remote fetches in 0 ms
20/02/21 12:08:37 INFO Executor: Finished task 0.0 in stage 111.0 (TID 141). 1782 bytes result sent to driver
20/02/21 12:08:37 INFO TaskSetManager: Finished task 0.0 in stage 111.0 (TID 141) in 31 ms on localhost (executor driver) (1/1)
20/02/21 12:08:37 INFO TaskSchedulerImpl: Removed TaskSet 111.0, whose tasks have all completed, from pool 
20/02/21 12:08:37 INFO DAGScheduler: ResultStage 111 (sql at NativeMethodAccessorImpl.java:0) finished in 0.042 s
20/02/21 12:08:37 INFO DAGScheduler: Job 70 finished: sql at NativeMethodAccessorImpl.java:0, took 0.224414 s
20/02/21 12:08:37 INFO SparkContext: Starting job: collect at arrowconverters.scala:269
20/02/21 12:08:37 INFO DAGScheduler: Registering RDD 584 (collect at arrowconverters.scala:269)
20/02/21 12:08:37 INFO DAGScheduler: Got job 71 (collect at arrowconverters.scala:269) with 1 output partitions
20/02/21 12:08:37 INFO DAGScheduler: Final stage: ResultStage 113 (collect at arrowconverters.scala:269)
20/02/21 12:08:37 INFO DAGScheduler: Parents of final stage: List(ShuffleMapStage 112)
20/02/21 12:08:37 INFO DAGScheduler: Missing parents: List(ShuffleMapStage 112)
20/02/21 12:08:37 INFO DAGScheduler: Submitting ShuffleMapStage 112 (MapPartitionsRDD[584] at collect at arrowconverters.scala:269), which has no missing parents
20/02/21 12:08:37 INFO MemoryStore: Block broadcast_112 stored as values in memory (estimated size 37.5 KB, free 912.2 MB)
20/02/21 12:08:37 INFO MemoryStore: Block broadcast_112_piece0 stored as bytes in memory (estimated size 14.3 KB, free 912.2 MB)
20/02/21 12:08:37 INFO BlockManagerInfo: Added broadcast_112_piece0 in memory on 127.0.0.1:63917 (size: 14.3 KB, free: 912.3 MB)
20/02/21 12:08:37 INFO SparkContext: Created broadcast 112 from broadcast at DAGScheduler.scala:1161
20/02/21 12:08:37 INFO DAGScheduler: Submitting 1 missing tasks from ShuffleMapStage 112 (MapPartitionsRDD[584] at collect at arrowconverters.scala:269) (first 15 tasks are for partitions Vector(0))
20/02/21 12:08:37 INFO TaskSchedulerImpl: Adding task set 112.0 with 1 tasks
20/02/21 12:08:37 INFO TaskSetManager: Starting task 0.0 in stage 112.0 (TID 142, localhost, executor driver, partition 0, PROCESS_LOCAL, 11879 bytes)
20/02/21 12:08:37 INFO Executor: Running task 0.0 in stage 112.0 (TID 142)
20/02/21 12:08:38 INFO BlockManager: Found block rdd_467_0 locally
20/02/21 12:08:38 INFO Executor: Finished task 0.0 in stage 112.0 (TID 142). 1981 bytes result sent to driver
20/02/21 12:08:38 INFO TaskSetManager: Finished task 0.0 in stage 112.0 (TID 142) in 21 ms on localhost (executor driver) (1/1)
20/02/21 12:08:38 INFO TaskSchedulerImpl: Removed TaskSet 112.0, whose tasks have all completed, from pool 
20/02/21 12:08:38 INFO DAGScheduler: ShuffleMapStage 112 (collect at arrowconverters.scala:269) finished in 0.029 s
20/02/21 12:08:38 INFO DAGScheduler: looking for newly runnable stages
20/02/21 12:08:38 INFO DAGScheduler: running: Set()
20/02/21 12:08:38 INFO DAGScheduler: waiting: Set(ResultStage 113)
20/02/21 12:08:38 INFO DAGScheduler: failed: Set()
20/02/21 12:08:38 INFO DAGScheduler: Submitting ResultStage 113 (MapPartitionsRDD[590] at collect at arrowconverters.scala:269), which has no missing parents
20/02/21 12:08:38 INFO MemoryStore: Block broadcast_113 stored as values in memory (estimated size 46.8 KB, free 912.1 MB)
20/02/21 12:08:38 INFO MemoryStore: Block broadcast_113_piece0 stored as bytes in memory (estimated size 18.2 KB, free 912.1 MB)
20/02/21 12:08:38 INFO BlockManagerInfo: Added broadcast_113_piece0 in memory on 127.0.0.1:63917 (size: 18.2 KB, free: 912.2 MB)
20/02/21 12:08:38 INFO SparkContext: Created broadcast 113 from broadcast at DAGScheduler.scala:1161
20/02/21 12:08:38 INFO DAGScheduler: Submitting 1 missing tasks from ResultStage 113 (MapPartitionsRDD[590] at collect at arrowconverters.scala:269) (first 15 tasks are for partitions Vector(0))
20/02/21 12:08:38 INFO TaskSchedulerImpl: Adding task set 113.0 with 1 tasks
20/02/21 12:08:38 INFO TaskSetManager: Starting task 0.0 in stage 113.0 (TID 143, localhost, executor driver, partition 0, ANY, 7767 bytes)
20/02/21 12:08:38 INFO Executor: Running task 0.0 in stage 113.0 (TID 143)
20/02/21 12:08:38 INFO ShuffleBlockFetcherIterator: Getting 1 non-empty blocks including 1 local blocks and 0 remote blocks
20/02/21 12:08:38 INFO ShuffleBlockFetcherIterator: Started 0 remote fetches in 1 ms
20/02/21 12:08:38 INFO Executor: Finished task 0.0 in stage 113.0 (TID 143). 3274 bytes result sent to driver
20/02/21 12:08:38 INFO TaskSetManager: Finished task 0.0 in stage 113.0 (TID 143) in 11 ms on localhost (executor driver) (1/1)
20/02/21 12:08:38 INFO TaskSchedulerImpl: Removed TaskSet 113.0, whose tasks have all completed, from pool 
20/02/21 12:08:38 INFO DAGScheduler: ResultStage 113 (collect at arrowconverters.scala:269) finished in 0.035 s
20/02/21 12:08:38 INFO DAGScheduler: Job 71 finished: collect at arrowconverters.scala:269, took 0.067958 s
20/02/21 12:08:38 INFO SparkContext: Starting job: collect at arrowconverters.scala:269
20/02/21 12:08:38 INFO DAGScheduler: Got job 72 (collect at arrowconverters.scala:269) with 1 output partitions
20/02/21 12:08:38 INFO DAGScheduler: Final stage: ResultStage 114 (collect at arrowconverters.scala:269)
20/02/21 12:08:38 INFO DAGScheduler: Parents of final stage: List()
20/02/21 12:08:38 INFO DAGScheduler: Missing parents: List()
20/02/21 12:08:38 INFO DAGScheduler: Submitting ResultStage 114 (MapPartitionsRDD[596] at collect at arrowconverters.scala:269), which has no missing parents
20/02/21 12:08:38 INFO MemoryStore: Block broadcast_114 stored as values in memory (estimated size 9.5 KB, free 912.1 MB)
20/02/21 12:08:38 INFO MemoryStore: Block broadcast_114_piece0 stored as bytes in memory (estimated size 4.9 KB, free 912.1 MB)
20/02/21 12:08:38 INFO BlockManagerInfo: Added broadcast_114_piece0 in memory on 127.0.0.1:63917 (size: 4.9 KB, free: 912.2 MB)
20/02/21 12:08:38 INFO SparkContext: Created broadcast 114 from broadcast at DAGScheduler.scala:1161
20/02/21 12:08:38 INFO DAGScheduler: Submitting 1 missing tasks from ResultStage 114 (MapPartitionsRDD[596] at collect at arrowconverters.scala:269) (first 15 tasks are for partitions Vector(0))
20/02/21 12:08:38 INFO TaskSchedulerImpl: Adding task set 114.0 with 1 tasks
20/02/21 12:08:38 INFO TaskSetManager: Starting task 0.0 in stage 114.0 (TID 144, localhost, executor driver, partition 0, PROCESS_LOCAL, 8076 bytes)
20/02/21 12:08:38 INFO Executor: Running task 0.0 in stage 114.0 (TID 144)
20/02/21 12:08:38 INFO Executor: Finished task 0.0 in stage 114.0 (TID 144). 1375 bytes result sent to driver
20/02/21 12:08:38 INFO TaskSetManager: Finished task 0.0 in stage 114.0 (TID 144) in 20 ms on localhost (executor driver) (1/1)
20/02/21 12:08:38 INFO TaskSchedulerImpl: Removed TaskSet 114.0, whose tasks have all completed, from pool 
20/02/21 12:08:38 INFO DAGScheduler: ResultStage 114 (collect at arrowconverters.scala:269) finished in 0.039 s
20/02/21 12:08:38 INFO DAGScheduler: Job 72 finished: collect at arrowconverters.scala:269, took 0.040291 s
20/02/21 12:08:38 INFO SparkContext: Starting job: collect at arrowconverters.scala:269
20/02/21 12:08:38 INFO DAGScheduler: Got job 73 (collect at arrowconverters.scala:269) with 4 output partitions
20/02/21 12:08:38 INFO DAGScheduler: Final stage: ResultStage 115 (collect at arrowconverters.scala:269)
20/02/21 12:08:38 INFO DAGScheduler: Parents of final stage: List()
20/02/21 12:08:38 INFO DAGScheduler: Missing parents: List()
20/02/21 12:08:38 INFO DAGScheduler: Submitting ResultStage 115 (MapPartitionsRDD[602] at collect at arrowconverters.scala:269), which has no missing parents
20/02/21 12:08:38 INFO MemoryStore: Block broadcast_115 stored as values in memory (estimated size 9.5 KB, free 912.1 MB)
20/02/21 12:08:38 INFO MemoryStore: Block broadcast_115_piece0 stored as bytes in memory (estimated size 4.9 KB, free 912.1 MB)
20/02/21 12:08:38 INFO BlockManagerInfo: Added broadcast_115_piece0 in memory on 127.0.0.1:63917 (size: 4.9 KB, free: 912.2 MB)
20/02/21 12:08:38 INFO SparkContext: Created broadcast 115 from broadcast at DAGScheduler.scala:1161
20/02/21 12:08:38 INFO DAGScheduler: Submitting 4 missing tasks from ResultStage 115 (MapPartitionsRDD[602] at collect at arrowconverters.scala:269) (first 15 tasks are for partitions Vector(0, 1, 2, 3))
20/02/21 12:08:38 INFO TaskSchedulerImpl: Adding task set 115.0 with 4 tasks
20/02/21 12:08:38 INFO TaskSetManager: Starting task 0.0 in stage 115.0 (TID 145, localhost, executor driver, partition 0, PROCESS_LOCAL, 8133 bytes)
20/02/21 12:08:38 INFO TaskSetManager: Starting task 1.0 in stage 115.0 (TID 146, localhost, executor driver, partition 1, PROCESS_LOCAL, 8254 bytes)
20/02/21 12:08:38 INFO TaskSetManager: Starting task 2.0 in stage 115.0 (TID 147, localhost, executor driver, partition 2, PROCESS_LOCAL, 8173 bytes)
20/02/21 12:08:38 INFO TaskSetManager: Starting task 3.0 in stage 115.0 (TID 148, localhost, executor driver, partition 3, PROCESS_LOCAL, 8246 bytes)
20/02/21 12:08:38 INFO Executor: Running task 0.0 in stage 115.0 (TID 145)
20/02/21 12:08:38 INFO Executor: Running task 1.0 in stage 115.0 (TID 146)
20/02/21 12:08:38 INFO Executor: Running task 2.0 in stage 115.0 (TID 147)
20/02/21 12:08:38 INFO Executor: Running task 3.0 in stage 115.0 (TID 148)
20/02/21 12:08:38 INFO Executor: Finished task 2.0 in stage 115.0 (TID 147). 1410 bytes result sent to driver
20/02/21 12:08:38 INFO Executor: Finished task 3.0 in stage 115.0 (TID 148). 1424 bytes result sent to driver
20/02/21 12:08:38 INFO Executor: Finished task 0.0 in stage 115.0 (TID 145). 1390 bytes result sent to driver
20/02/21 12:08:38 INFO TaskSetManager: Finished task 0.0 in stage 115.0 (TID 145) in 21 ms on localhost (executor driver) (1/4)
20/02/21 12:08:38 INFO TaskSetManager: Finished task 3.0 in stage 115.0 (TID 148) in 21 ms on localhost (executor driver) (2/4)
20/02/21 12:08:38 INFO Executor: Finished task 1.0 in stage 115.0 (TID 146). 1425 bytes result sent to driver
20/02/21 12:08:38 INFO TaskSetManager: Finished task 1.0 in stage 115.0 (TID 146) in 23 ms on localhost (executor driver) (3/4)
20/02/21 12:08:38 INFO TaskSetManager: Finished task 2.0 in stage 115.0 (TID 147) in 25 ms on localhost (executor driver) (4/4)
20/02/21 12:08:38 INFO TaskSchedulerImpl: Removed TaskSet 115.0, whose tasks have all completed, from pool 
20/02/21 12:08:38 INFO DAGScheduler: ResultStage 115 (collect at arrowconverters.scala:269) finished in 0.039 s
20/02/21 12:08:38 INFO DAGScheduler: Job 73 finished: collect at arrowconverters.scala:269, took 0.041381 s
20/02/21 12:08:43 INFO SparkContext: Starting job: collect at arrowconverters.scala:269
20/02/21 12:08:43 INFO DAGScheduler: Registering RDD 607 (collect at arrowconverters.scala:269)
20/02/21 12:08:43 INFO DAGScheduler: Got job 74 (collect at arrowconverters.scala:269) with 1 output partitions
20/02/21 12:08:43 INFO DAGScheduler: Final stage: ResultStage 117 (collect at arrowconverters.scala:269)
20/02/21 12:08:43 INFO DAGScheduler: Parents of final stage: List(ShuffleMapStage 116)
20/02/21 12:08:43 INFO DAGScheduler: Missing parents: List(ShuffleMapStage 116)
20/02/21 12:08:43 INFO DAGScheduler: Submitting ShuffleMapStage 116 (MapPartitionsRDD[607] at collect at arrowconverters.scala:269), which has no missing parents
20/02/21 12:08:43 INFO MemoryStore: Block broadcast_116 stored as values in memory (estimated size 40.0 KB, free 912.0 MB)
20/02/21 12:08:43 INFO MemoryStore: Block broadcast_116_piece0 stored as bytes in memory (estimated size 14.6 KB, free 912.0 MB)
20/02/21 12:08:43 INFO BlockManagerInfo: Added broadcast_116_piece0 in memory on 127.0.0.1:63917 (size: 14.6 KB, free: 912.2 MB)
20/02/21 12:08:43 INFO SparkContext: Created broadcast 116 from broadcast at DAGScheduler.scala:1161
20/02/21 12:08:43 INFO DAGScheduler: Submitting 1 missing tasks from ShuffleMapStage 116 (MapPartitionsRDD[607] at collect at arrowconverters.scala:269) (first 15 tasks are for partitions Vector(0))
20/02/21 12:08:43 INFO TaskSchedulerImpl: Adding task set 116.0 with 1 tasks
20/02/21 12:08:43 INFO TaskSetManager: Starting task 0.0 in stage 116.0 (TID 149, localhost, executor driver, partition 0, PROCESS_LOCAL, 11879 bytes)
20/02/21 12:08:43 INFO Executor: Running task 0.0 in stage 116.0 (TID 149)
20/02/21 12:08:43 INFO BlockManager: Found block rdd_467_0 locally
20/02/21 12:08:43 INFO Executor: 1 block locks were not released by TID = 149:
[rdd_467_0]
20/02/21 12:08:43 INFO Executor: Finished task 0.0 in stage 116.0 (TID 149). 1866 bytes result sent to driver
20/02/21 12:08:43 INFO TaskSetManager: Finished task 0.0 in stage 116.0 (TID 149) in 42 ms on localhost (executor driver) (1/1)
20/02/21 12:08:43 INFO TaskSchedulerImpl: Removed TaskSet 116.0, whose tasks have all completed, from pool 
20/02/21 12:08:43 INFO DAGScheduler: ShuffleMapStage 116 (collect at arrowconverters.scala:269) finished in 0.151 s
20/02/21 12:08:43 INFO DAGScheduler: looking for newly runnable stages
20/02/21 12:08:43 INFO DAGScheduler: running: Set()
20/02/21 12:08:43 INFO DAGScheduler: waiting: Set(ResultStage 117)
20/02/21 12:08:43 INFO DAGScheduler: failed: Set()
20/02/21 12:08:43 INFO DAGScheduler: Submitting ResultStage 117 (MapPartitionsRDD[613] at collect at arrowconverters.scala:269), which has no missing parents
20/02/21 12:08:43 INFO MemoryStore: Block broadcast_117 stored as values in memory (estimated size 46.0 KB, free 912.0 MB)
20/02/21 12:08:43 INFO MemoryStore: Block broadcast_117_piece0 stored as bytes in memory (estimated size 17.2 KB, free 912.0 MB)
20/02/21 12:08:43 INFO BlockManagerInfo: Added broadcast_117_piece0 in memory on 127.0.0.1:63917 (size: 17.2 KB, free: 912.2 MB)
20/02/21 12:08:43 INFO SparkContext: Created broadcast 117 from broadcast at DAGScheduler.scala:1161
20/02/21 12:08:43 INFO DAGScheduler: Submitting 1 missing tasks from ResultStage 117 (MapPartitionsRDD[613] at collect at arrowconverters.scala:269) (first 15 tasks are for partitions Vector(0))
20/02/21 12:08:43 INFO TaskSchedulerImpl: Adding task set 117.0 with 1 tasks
20/02/21 12:08:43 INFO TaskSetManager: Starting task 0.0 in stage 117.0 (TID 150, localhost, executor driver, partition 0, ANY, 7767 bytes)
20/02/21 12:08:43 INFO Executor: Running task 0.0 in stage 117.0 (TID 150)
20/02/21 12:08:44 INFO ShuffleBlockFetcherIterator: Getting 1 non-empty blocks including 1 local blocks and 0 remote blocks
20/02/21 12:08:44 INFO ShuffleBlockFetcherIterator: Started 0 remote fetches in 0 ms
20/02/21 12:08:44 INFO Executor: Finished task 0.0 in stage 117.0 (TID 150). 3058 bytes result sent to driver
20/02/21 12:08:44 INFO TaskSetManager: Finished task 0.0 in stage 117.0 (TID 150) in 50 ms on localhost (executor driver) (1/1)
20/02/21 12:08:44 INFO TaskSchedulerImpl: Removed TaskSet 117.0, whose tasks have all completed, from pool 
20/02/21 12:08:44 INFO DAGScheduler: ResultStage 117 (collect at arrowconverters.scala:269) finished in 0.082 s
20/02/21 12:08:44 INFO DAGScheduler: Job 74 finished: collect at arrowconverters.scala:269, took 0.236210 s
20/02/21 12:08:45 INFO ContextCleaner: Cleaned accumulator 3457
20/02/21 12:08:45 INFO ContextCleaner: Cleaned accumulator 3578
20/02/21 12:08:45 INFO ContextCleaner: Cleaned accumulator 3387
20/02/21 12:08:45 INFO ContextCleaner: Cleaned accumulator 3406
20/02/21 12:08:45 INFO ContextCleaner: Cleaned accumulator 3589
20/02/21 12:08:45 INFO ContextCleaner: Cleaned accumulator 3599
20/02/21 12:08:45 INFO ContextCleaner: Cleaned accumulator 3539
20/02/21 12:08:45 INFO ContextCleaner: Cleaned accumulator 3564
20/02/21 12:08:45 INFO ContextCleaner: Cleaned accumulator 3418
20/02/21 12:08:45 INFO ContextCleaner: Cleaned accumulator 3397
20/02/21 12:08:45 INFO ContextCleaner: Cleaned accumulator 3541
20/02/21 12:08:45 INFO ContextCleaner: Cleaned accumulator 3467
20/02/21 12:08:45 INFO ContextCleaner: Cleaned accumulator 3445
20/02/21 12:08:45 INFO ContextCleaner: Cleaned shuffle 41
20/02/21 12:08:45 INFO ContextCleaner: Cleaned accumulator 3482
20/02/21 12:08:45 INFO ContextCleaner: Cleaned accumulator 3449
20/02/21 12:08:45 INFO ContextCleaner: Cleaned accumulator 3474
20/02/21 12:08:45 INFO ContextCleaner: Cleaned accumulator 3563
20/02/21 12:08:45 INFO ContextCleaner: Cleaned accumulator 3516
20/02/21 12:08:45 INFO ContextCleaner: Cleaned accumulator 3586
20/02/21 12:08:45 INFO ContextCleaner: Cleaned accumulator 3521
20/02/21 12:08:45 INFO ContextCleaner: Cleaned accumulator 3587
20/02/21 12:08:45 INFO ContextCleaner: Cleaned accumulator 3580
20/02/21 12:08:45 INFO ContextCleaner: Cleaned accumulator 3425
20/02/21 12:08:45 INFO ContextCleaner: Cleaned accumulator 3466
20/02/21 12:08:45 INFO ContextCleaner: Cleaned accumulator 3452
20/02/21 12:08:45 INFO ContextCleaner: Cleaned accumulator 3600
20/02/21 12:08:45 INFO ContextCleaner: Cleaned accumulator 3499
20/02/21 12:08:45 INFO ContextCleaner: Cleaned accumulator 3419
20/02/21 12:08:45 INFO ContextCleaner: Cleaned accumulator 3459
20/02/21 12:08:45 INFO ContextCleaner: Cleaned accumulator 3438
20/02/21 12:08:45 INFO ContextCleaner: Cleaned accumulator 3399
20/02/21 12:08:45 INFO ContextCleaner: Cleaned accumulator 3533
20/02/21 12:08:45 INFO ContextCleaner: Cleaned accumulator 3506
20/02/21 12:08:45 INFO ContextCleaner: Cleaned accumulator 3584
20/02/21 12:08:45 INFO ContextCleaner: Cleaned accumulator 3625
20/02/21 12:08:45 INFO ContextCleaner: Cleaned accumulator 3450
20/02/21 12:08:45 INFO ContextCleaner: Cleaned accumulator 3480
20/02/21 12:08:45 INFO ContextCleaner: Cleaned accumulator 3405
20/02/21 12:08:45 INFO ContextCleaner: Cleaned accumulator 3429
20/02/21 12:08:45 INFO ContextCleaner: Cleaned accumulator 3546
20/02/21 12:08:45 INFO ContextCleaner: Cleaned accumulator 3409
20/02/21 12:08:45 INFO ContextCleaner: Cleaned accumulator 3507
20/02/21 12:08:45 INFO ContextCleaner: Cleaned accumulator 3420
20/02/21 12:08:45 INFO ContextCleaner: Cleaned accumulator 3393
20/02/21 12:08:45 INFO ContextCleaner: Cleaned accumulator 3416
20/02/21 12:08:45 INFO ContextCleaner: Cleaned accumulator 3571
20/02/21 12:08:45 INFO ContextCleaner: Cleaned accumulator 3551
20/02/21 12:08:45 INFO ContextCleaner: Cleaned accumulator 3473
20/02/21 12:08:45 INFO ContextCleaner: Cleaned accumulator 3496
20/02/21 12:08:45 INFO ContextCleaner: Cleaned accumulator 3439
20/02/21 12:08:45 INFO ContextCleaner: Cleaned accumulator 3391
20/02/21 12:08:45 INFO ContextCleaner: Cleaned accumulator 3479
20/02/21 12:08:45 INFO ContextCleaner: Cleaned accumulator 3524
20/02/21 12:08:45 INFO ContextCleaner: Cleaned accumulator 3458
20/02/21 12:08:45 INFO ContextCleaner: Cleaned accumulator 3598
20/02/21 12:08:45 INFO ContextCleaner: Cleaned accumulator 3497
20/02/21 12:08:45 INFO ContextCleaner: Cleaned accumulator 3431
20/02/21 12:08:45 INFO ContextCleaner: Cleaned accumulator 3628
20/02/21 12:08:45 INFO ContextCleaner: Cleaned accumulator 3437
20/02/21 12:08:45 INFO ContextCleaner: Cleaned accumulator 3487
20/02/21 12:08:45 INFO ContextCleaner: Cleaned accumulator 3555
20/02/21 12:08:45 INFO ContextCleaner: Cleaned accumulator 3576
20/02/21 12:08:45 INFO ContextCleaner: Cleaned accumulator 3502
20/02/21 12:08:45 INFO ContextCleaner: Cleaned accumulator 3515
20/02/21 12:08:45 INFO ContextCleaner: Cleaned accumulator 3489
20/02/21 12:08:45 INFO ContextCleaner: Cleaned accumulator 3511
20/02/21 12:08:45 INFO ContextCleaner: Cleaned accumulator 3558
20/02/21 12:08:45 INFO ContextCleaner: Cleaned accumulator 3453
20/02/21 12:08:45 INFO ContextCleaner: Cleaned accumulator 3404
20/02/21 12:08:45 INFO ContextCleaner: Cleaned accumulator 3602
20/02/21 12:08:45 INFO ContextCleaner: Cleaned accumulator 3407
20/02/21 12:08:45 INFO ContextCleaner: Cleaned accumulator 3518
20/02/21 12:08:45 INFO ContextCleaner: Cleaned accumulator 3585
20/02/21 12:08:45 INFO ContextCleaner: Cleaned accumulator 3483
20/02/21 12:08:45 INFO ContextCleaner: Cleaned accumulator 3620
20/02/21 12:08:45 INFO ContextCleaner: Cleaned accumulator 3582
20/02/21 12:08:45 INFO ContextCleaner: Cleaned accumulator 3421
20/02/21 12:08:45 INFO ContextCleaner: Cleaned accumulator 3615
20/02/21 12:08:45 INFO ContextCleaner: Cleaned accumulator 3527
20/02/21 12:08:45 INFO ContextCleaner: Cleaned accumulator 3398
20/02/21 12:08:45 INFO ContextCleaner: Cleaned accumulator 3525
20/02/21 12:08:45 INFO ContextCleaner: Cleaned accumulator 3534
20/02/21 12:08:45 INFO ContextCleaner: Cleaned accumulator 3505
20/02/21 12:08:45 INFO ContextCleaner: Cleaned accumulator 3540
20/02/21 12:08:45 INFO BlockManagerInfo: Removed broadcast_111_piece0 on 127.0.0.1:63917 in memory (size: 3.8 KB, free: 912.2 MB)
20/02/21 12:08:45 INFO ContextCleaner: Cleaned accumulator 3517
20/02/21 12:08:45 INFO ContextCleaner: Cleaned accumulator 3415
20/02/21 12:08:45 INFO ContextCleaner: Cleaned accumulator 3476
20/02/21 12:08:45 INFO ContextCleaner: Cleaned accumulator 3442
20/02/21 12:08:45 INFO ContextCleaner: Cleaned accumulator 3613
20/02/21 12:08:45 INFO ContextCleaner: Cleaned accumulator 3434
20/02/21 12:08:45 INFO ContextCleaner: Cleaned accumulator 3553
20/02/21 12:08:45 INFO ContextCleaner: Cleaned accumulator 3427
20/02/21 12:08:45 INFO BlockManagerInfo: Removed broadcast_114_piece0 on 127.0.0.1:63917 in memory (size: 4.9 KB, free: 912.2 MB)
20/02/21 12:08:45 INFO ContextCleaner: Cleaned accumulator 3609
20/02/21 12:08:45 INFO ContextCleaner: Cleaned accumulator 3623
20/02/21 12:08:45 INFO ContextCleaner: Cleaned accumulator 3566
20/02/21 12:08:45 INFO ContextCleaner: Cleaned accumulator 3570
20/02/21 12:08:45 INFO ContextCleaner: Cleaned shuffle 42
20/02/21 12:08:45 INFO ContextCleaner: Cleaned accumulator 3462
20/02/21 12:08:45 INFO ContextCleaner: Cleaned accumulator 3522
20/02/21 12:08:45 INFO ContextCleaner: Cleaned accumulator 3390
20/02/21 12:08:45 INFO ContextCleaner: Cleaned accumulator 3477
20/02/21 12:08:45 INFO ContextCleaner: Cleaned accumulator 3417
20/02/21 12:08:45 INFO ContextCleaner: Cleaned accumulator 3560
20/02/21 12:08:45 INFO ContextCleaner: Cleaned accumulator 3569
20/02/21 12:08:45 INFO ContextCleaner: Cleaned accumulator 3461
20/02/21 12:08:45 INFO ContextCleaner: Cleaned accumulator 3552
20/02/21 12:08:45 INFO ContextCleaner: Cleaned accumulator 3394
20/02/21 12:08:45 INFO ContextCleaner: Cleaned accumulator 3581
20/02/21 12:08:45 INFO ContextCleaner: Cleaned accumulator 3536
20/02/21 12:08:45 INFO ContextCleaner: Cleaned accumulator 3548
20/02/21 12:08:45 INFO ContextCleaner: Cleaned accumulator 3408
20/02/21 12:08:45 INFO ContextCleaner: Cleaned accumulator 3472
20/02/21 12:08:45 INFO ContextCleaner: Cleaned accumulator 3610
20/02/21 12:08:45 INFO BlockManagerInfo: Removed broadcast_117_piece0 on 127.0.0.1:63917 in memory (size: 17.2 KB, free: 912.2 MB)
20/02/21 12:08:45 INFO ContextCleaner: Cleaned accumulator 3490
20/02/21 12:08:45 INFO ContextCleaner: Cleaned accumulator 3583
20/02/21 12:08:45 INFO ContextCleaner: Cleaned accumulator 3498
20/02/21 12:08:45 INFO ContextCleaner: Cleaned accumulator 3413
20/02/21 12:08:45 INFO ContextCleaner: Cleaned accumulator 3624
20/02/21 12:08:45 INFO ContextCleaner: Cleaned accumulator 3433
20/02/21 12:08:45 INFO ContextCleaner: Cleaned accumulator 3519
20/02/21 12:08:45 INFO ContextCleaner: Cleaned accumulator 3435
20/02/21 12:08:45 INFO ContextCleaner: Cleaned accumulator 3481
20/02/21 12:08:45 INFO ContextCleaner: Cleaned accumulator 3484
20/02/21 12:08:45 INFO ContextCleaner: Cleaned accumulator 3426
20/02/21 12:08:45 INFO ContextCleaner: Cleaned accumulator 3430
20/02/21 12:08:45 INFO ContextCleaner: Cleaned accumulator 3460
20/02/21 12:08:45 INFO ContextCleaner: Cleaned accumulator 3621
20/02/21 12:08:45 INFO ContextCleaner: Cleaned accumulator 3550
20/02/21 12:08:45 INFO ContextCleaner: Cleaned accumulator 3447
20/02/21 12:08:45 INFO ContextCleaner: Cleaned accumulator 3607
20/02/21 12:08:45 INFO ContextCleaner: Cleaned accumulator 3608
20/02/21 12:08:45 INFO ContextCleaner: Cleaned accumulator 3424
20/02/21 12:08:45 INFO ContextCleaner: Cleaned accumulator 3530
20/02/21 12:08:45 INFO ContextCleaner: Cleaned accumulator 3573
20/02/21 12:08:45 INFO ContextCleaner: Cleaned accumulator 3410
20/02/21 12:08:45 INFO ContextCleaner: Cleaned accumulator 3495
20/02/21 12:08:45 INFO BlockManagerInfo: Removed broadcast_112_piece0 on 127.0.0.1:63917 in memory (size: 14.3 KB, free: 912.2 MB)
20/02/21 12:08:45 INFO ContextCleaner: Cleaned accumulator 3545
20/02/21 12:08:45 INFO ContextCleaner: Cleaned accumulator 3510
20/02/21 12:08:45 INFO ContextCleaner: Cleaned accumulator 3542
20/02/21 12:08:45 INFO ContextCleaner: Cleaned accumulator 3629
20/02/21 12:08:45 INFO ContextCleaner: Cleaned accumulator 3595
20/02/21 12:08:45 INFO ContextCleaner: Cleaned accumulator 3428
20/02/21 12:08:45 INFO ContextCleaner: Cleaned accumulator 3626
20/02/21 12:08:45 INFO ContextCleaner: Cleaned accumulator 3523
20/02/21 12:08:45 INFO ContextCleaner: Cleaned accumulator 3411
20/02/21 12:08:45 INFO ContextCleaner: Cleaned accumulator 3601
20/02/21 12:08:45 INFO ContextCleaner: Cleaned accumulator 3396
20/02/21 12:08:45 INFO ContextCleaner: Cleaned accumulator 3486
20/02/21 12:08:45 INFO ContextCleaner: Cleaned accumulator 3526
20/02/21 12:08:45 INFO ContextCleaner: Cleaned accumulator 3577
20/02/21 12:08:45 INFO ContextCleaner: Cleaned accumulator 3386
20/02/21 12:08:45 INFO ContextCleaner: Cleaned accumulator 3440
20/02/21 12:08:45 INFO ContextCleaner: Cleaned accumulator 3622
20/02/21 12:08:45 INFO ContextCleaner: Cleaned accumulator 3597
20/02/21 12:08:45 INFO ContextCleaner: Cleaned accumulator 3441
20/02/21 12:08:45 INFO ContextCleaner: Cleaned accumulator 3606
20/02/21 12:08:45 INFO BlockManagerInfo: Removed broadcast_113_piece0 on 127.0.0.1:63917 in memory (size: 18.2 KB, free: 912.3 MB)
20/02/21 12:08:45 INFO ContextCleaner: Cleaned accumulator 3616
20/02/21 12:08:45 INFO ContextCleaner: Cleaned accumulator 3392
20/02/21 12:08:45 INFO ContextCleaner: Cleaned accumulator 3468
20/02/21 12:08:45 INFO ContextCleaner: Cleaned accumulator 3513
20/02/21 12:08:45 INFO ContextCleaner: Cleaned accumulator 3412
20/02/21 12:08:45 INFO ContextCleaner: Cleaned accumulator 3547
20/02/21 12:08:45 INFO ContextCleaner: Cleaned accumulator 3456
20/02/21 12:08:45 INFO ContextCleaner: Cleaned accumulator 3514
20/02/21 12:08:45 INFO ContextCleaner: Cleaned accumulator 3422
20/02/21 12:08:45 INFO ContextCleaner: Cleaned accumulator 3464
20/02/21 12:08:45 INFO ContextCleaner: Cleaned accumulator 3593
20/02/21 12:08:45 INFO BlockManagerInfo: Removed broadcast_115_piece0 on 127.0.0.1:63917 in memory (size: 4.9 KB, free: 912.3 MB)
20/02/21 12:08:45 INFO ContextCleaner: Cleaned accumulator 3617
20/02/21 12:08:45 INFO ContextCleaner: Cleaned accumulator 3535
20/02/21 12:08:45 INFO ContextCleaner: Cleaned accumulator 3575
20/02/21 12:08:45 INFO ContextCleaner: Cleaned accumulator 3454
20/02/21 12:08:45 INFO ContextCleaner: Cleaned accumulator 3512
20/02/21 12:08:45 INFO BlockManagerInfo: Removed broadcast_110_piece0 on 127.0.0.1:63917 in memory (size: 14.3 KB, free: 912.3 MB)
20/02/21 12:08:45 INFO ContextCleaner: Cleaned accumulator 3565
20/02/21 12:08:45 INFO ContextCleaner: Cleaned accumulator 3574
20/02/21 12:08:45 INFO ContextCleaner: Cleaned accumulator 3559
20/02/21 12:08:45 INFO ContextCleaner: Cleaned accumulator 3488
20/02/21 12:08:45 INFO ContextCleaner: Cleaned accumulator 3531
20/02/21 12:08:45 INFO ContextCleaner: Cleaned accumulator 3500
20/02/21 12:08:45 INFO ContextCleaner: Cleaned accumulator 3596
20/02/21 12:08:45 INFO ContextCleaner: Cleaned shuffle 40
20/02/21 12:08:45 INFO ContextCleaner: Cleaned accumulator 3446
20/02/21 12:08:45 INFO ContextCleaner: Cleaned accumulator 3403
20/02/21 12:08:45 INFO ContextCleaner: Cleaned accumulator 3401
20/02/21 12:08:45 INFO ContextCleaner: Cleaned accumulator 3554
20/02/21 12:08:45 INFO ContextCleaner: Cleaned accumulator 3561
20/02/21 12:08:45 INFO ContextCleaner: Cleaned accumulator 3501
20/02/21 12:08:45 INFO ContextCleaner: Cleaned accumulator 3604
20/02/21 12:08:45 INFO ContextCleaner: Cleaned accumulator 3556
20/02/21 12:08:45 INFO ContextCleaner: Cleaned accumulator 3543
20/02/21 12:08:45 INFO ContextCleaner: Cleaned accumulator 3520
20/02/21 12:08:45 INFO BlockManagerInfo: Removed broadcast_116_piece0 on 127.0.0.1:63917 in memory (size: 14.6 KB, free: 912.3 MB)
20/02/21 12:08:45 INFO SparkContext: Starting job: collect at arrowconverters.scala:269
20/02/21 12:08:45 INFO DAGScheduler: Registering RDD 618 (collect at arrowconverters.scala:269)
20/02/21 12:08:45 INFO DAGScheduler: Got job 75 (collect at arrowconverters.scala:269) with 1 output partitions
20/02/21 12:08:45 INFO DAGScheduler: Final stage: ResultStage 119 (collect at arrowconverters.scala:269)
20/02/21 12:08:45 INFO DAGScheduler: Parents of final stage: List(ShuffleMapStage 118)
20/02/21 12:08:45 INFO DAGScheduler: Missing parents: List(ShuffleMapStage 118)
20/02/21 12:08:45 INFO DAGScheduler: Submitting ShuffleMapStage 118 (MapPartitionsRDD[618] at collect at arrowconverters.scala:269), which has no missing parents
20/02/21 12:08:45 INFO ContextCleaner: Cleaned accumulator 3494
20/02/21 12:08:45 INFO ContextCleaner: Cleaned accumulator 3611
20/02/21 12:08:45 INFO ContextCleaner: Cleaned accumulator 3400
20/02/21 12:08:45 INFO ContextCleaner: Cleaned accumulator 3528
20/02/21 12:08:45 INFO ContextCleaner: Cleaned accumulator 3504
20/02/21 12:08:45 INFO ContextCleaner: Cleaned accumulator 3538
20/02/21 12:08:45 INFO ContextCleaner: Cleaned accumulator 3588
20/02/21 12:08:45 INFO ContextCleaner: Cleaned accumulator 3509
20/02/21 12:08:45 INFO ContextCleaner: Cleaned accumulator 3594
20/02/21 12:08:45 INFO ContextCleaner: Cleaned accumulator 3529
20/02/21 12:08:45 INFO ContextCleaner: Cleaned accumulator 3485
20/02/21 12:08:45 INFO ContextCleaner: Cleaned accumulator 3567
20/02/21 12:08:45 INFO ContextCleaner: Cleaned accumulator 3471
20/02/21 12:08:45 INFO ContextCleaner: Cleaned accumulator 3475
20/02/21 12:08:45 INFO ContextCleaner: Cleaned accumulator 3423
20/02/21 12:08:45 INFO ContextCleaner: Cleaned accumulator 3537
20/02/21 12:08:45 INFO ContextCleaner: Cleaned accumulator 3562
20/02/21 12:08:45 INFO ContextCleaner: Cleaned accumulator 3469
20/02/21 12:08:45 INFO ContextCleaner: Cleaned accumulator 3572
20/02/21 12:08:45 INFO ContextCleaner: Cleaned accumulator 3478
20/02/21 12:08:45 INFO ContextCleaner: Cleaned accumulator 3627
20/02/21 12:08:45 INFO ContextCleaner: Cleaned accumulator 3491
20/02/21 12:08:45 INFO ContextCleaner: Cleaned accumulator 3592
20/02/21 12:08:45 INFO ContextCleaner: Cleaned accumulator 3532
20/02/21 12:08:45 INFO ContextCleaner: Cleaned accumulator 3470
20/02/21 12:08:45 INFO ContextCleaner: Cleaned accumulator 3444
20/02/21 12:08:45 INFO ContextCleaner: Cleaned accumulator 3414
20/02/21 12:08:45 INFO ContextCleaner: Cleaned accumulator 3463
20/02/21 12:08:45 INFO ContextCleaner: Cleaned accumulator 3568
20/02/21 12:08:45 INFO ContextCleaner: Cleaned accumulator 3603
20/02/21 12:08:45 INFO MemoryStore: Block broadcast_118 stored as values in memory (estimated size 40.0 KB, free 912.2 MB)
20/02/21 12:08:45 INFO ContextCleaner: Cleaned accumulator 3443
20/02/21 12:08:45 INFO ContextCleaner: Cleaned accumulator 3557
20/02/21 12:08:45 INFO ContextCleaner: Cleaned accumulator 3465
20/02/21 12:08:45 INFO ContextCleaner: Cleaned accumulator 3618
20/02/21 12:08:45 INFO ContextCleaner: Cleaned accumulator 3549
20/02/21 12:08:45 INFO ContextCleaner: Cleaned accumulator 3619
20/02/21 12:08:45 INFO ContextCleaner: Cleaned accumulator 3395
20/02/21 12:08:45 INFO ContextCleaner: Cleaned accumulator 3492
20/02/21 12:08:45 INFO ContextCleaner: Cleaned accumulator 3612
20/02/21 12:08:45 INFO ContextCleaner: Cleaned accumulator 3590
20/02/21 12:08:45 INFO ContextCleaner: Cleaned accumulator 3448
20/02/21 12:08:45 INFO ContextCleaner: Cleaned accumulator 3544
20/02/21 12:08:45 INFO ContextCleaner: Cleaned accumulator 3508
20/02/21 12:08:45 INFO ContextCleaner: Cleaned accumulator 3614
20/02/21 12:08:45 INFO ContextCleaner: Cleaned accumulator 3432
20/02/21 12:08:45 INFO ContextCleaner: Cleaned accumulator 3455
20/02/21 12:08:45 INFO ContextCleaner: Cleaned accumulator 3436
20/02/21 12:08:45 INFO ContextCleaner: Cleaned accumulator 3388
20/02/21 12:08:45 INFO ContextCleaner: Cleaned accumulator 3389
20/02/21 12:08:45 INFO ContextCleaner: Cleaned accumulator 3579
20/02/21 12:08:45 INFO ContextCleaner: Cleaned accumulator 3605
20/02/21 12:08:45 INFO ContextCleaner: Cleaned accumulator 3503
20/02/21 12:08:45 INFO ContextCleaner: Cleaned accumulator 3591
20/02/21 12:08:45 INFO ContextCleaner: Cleaned accumulator 3493
20/02/21 12:08:45 INFO ContextCleaner: Cleaned accumulator 3451
20/02/21 12:08:45 INFO ContextCleaner: Cleaned accumulator 3402
20/02/21 12:08:45 INFO MemoryStore: Block broadcast_118_piece0 stored as bytes in memory (estimated size 14.7 KB, free 912.2 MB)
20/02/21 12:08:45 INFO BlockManagerInfo: Added broadcast_118_piece0 in memory on 127.0.0.1:63917 (size: 14.7 KB, free: 912.3 MB)
20/02/21 12:08:45 INFO SparkContext: Created broadcast 118 from broadcast at DAGScheduler.scala:1161
20/02/21 12:08:45 INFO DAGScheduler: Submitting 1 missing tasks from ShuffleMapStage 118 (MapPartitionsRDD[618] at collect at arrowconverters.scala:269) (first 15 tasks are for partitions Vector(0))
20/02/21 12:08:45 INFO TaskSchedulerImpl: Adding task set 118.0 with 1 tasks
20/02/21 12:08:45 INFO TaskSetManager: Starting task 0.0 in stage 118.0 (TID 151, localhost, executor driver, partition 0, PROCESS_LOCAL, 11879 bytes)
20/02/21 12:08:45 INFO Executor: Running task 0.0 in stage 118.0 (TID 151)
20/02/21 12:08:45 INFO BlockManager: Found block rdd_467_0 locally
20/02/21 12:08:45 INFO Executor: 1 block locks were not released by TID = 151:
[rdd_467_0]
20/02/21 12:08:45 INFO Executor: Finished task 0.0 in stage 118.0 (TID 151). 1866 bytes result sent to driver
20/02/21 12:08:45 INFO TaskSetManager: Finished task 0.0 in stage 118.0 (TID 151) in 14 ms on localhost (executor driver) (1/1)
20/02/21 12:08:45 INFO TaskSchedulerImpl: Removed TaskSet 118.0, whose tasks have all completed, from pool 
20/02/21 12:08:45 INFO DAGScheduler: ShuffleMapStage 118 (collect at arrowconverters.scala:269) finished in 0.036 s
20/02/21 12:08:45 INFO DAGScheduler: looking for newly runnable stages
20/02/21 12:08:45 INFO DAGScheduler: running: Set()
20/02/21 12:08:45 INFO DAGScheduler: waiting: Set(ResultStage 119)
20/02/21 12:08:45 INFO DAGScheduler: failed: Set()
20/02/21 12:08:45 INFO DAGScheduler: Submitting ResultStage 119 (MapPartitionsRDD[624] at collect at arrowconverters.scala:269), which has no missing parents
20/02/21 12:08:45 INFO MemoryStore: Block broadcast_119 stored as values in memory (estimated size 46.0 KB, free 912.2 MB)
20/02/21 12:08:45 INFO MemoryStore: Block broadcast_119_piece0 stored as bytes in memory (estimated size 17.2 KB, free 912.2 MB)
20/02/21 12:08:45 INFO BlockManagerInfo: Added broadcast_119_piece0 in memory on 127.0.0.1:63917 (size: 17.2 KB, free: 912.3 MB)
20/02/21 12:08:45 INFO SparkContext: Created broadcast 119 from broadcast at DAGScheduler.scala:1161
20/02/21 12:08:45 INFO DAGScheduler: Submitting 1 missing tasks from ResultStage 119 (MapPartitionsRDD[624] at collect at arrowconverters.scala:269) (first 15 tasks are for partitions Vector(0))
20/02/21 12:08:45 INFO TaskSchedulerImpl: Adding task set 119.0 with 1 tasks
20/02/21 12:08:45 INFO TaskSetManager: Starting task 0.0 in stage 119.0 (TID 152, localhost, executor driver, partition 0, ANY, 7767 bytes)
20/02/21 12:08:45 INFO Executor: Running task 0.0 in stage 119.0 (TID 152)
20/02/21 12:08:45 INFO ShuffleBlockFetcherIterator: Getting 1 non-empty blocks including 1 local blocks and 0 remote blocks
20/02/21 12:08:45 INFO ShuffleBlockFetcherIterator: Started 0 remote fetches in 0 ms
20/02/21 12:08:45 INFO Executor: Finished task 0.0 in stage 119.0 (TID 152). 3058 bytes result sent to driver
20/02/21 12:08:45 INFO TaskSetManager: Finished task 0.0 in stage 119.0 (TID 152) in 15 ms on localhost (executor driver) (1/1)
20/02/21 12:08:45 INFO DAGScheduler: ResultStage 119 (collect at arrowconverters.scala:269) finished in 0.018 s
20/02/21 12:08:45 INFO DAGScheduler: Job 75 finished: collect at arrowconverters.scala:269, took 0.057249 s
20/02/21 12:08:45 INFO TaskSchedulerImpl: Removed TaskSet 119.0, whose tasks have all completed, from pool 
20/02/21 12:08:48 INFO CodeGenerator: Code generated in 115.3963 ms
20/02/21 12:08:48 INFO CodeGenerator: Code generated in 33.1827 ms
20/02/21 12:08:48 INFO SparkContext: Starting job: collect at arrowconverters.scala:269
20/02/21 12:08:48 INFO DAGScheduler: Registering RDD 628 (collect at arrowconverters.scala:269)
20/02/21 12:08:48 INFO DAGScheduler: Got job 76 (collect at arrowconverters.scala:269) with 1 output partitions
20/02/21 12:08:48 INFO DAGScheduler: Final stage: ResultStage 121 (collect at arrowconverters.scala:269)
20/02/21 12:08:48 INFO DAGScheduler: Parents of final stage: List(ShuffleMapStage 120)
20/02/21 12:08:48 INFO DAGScheduler: Missing parents: List(ShuffleMapStage 120)
20/02/21 12:08:48 INFO DAGScheduler: Submitting ShuffleMapStage 120 (MapPartitionsRDD[628] at collect at arrowconverters.scala:269), which has no missing parents
20/02/21 12:08:48 INFO MemoryStore: Block broadcast_120 stored as values in memory (estimated size 26.7 KB, free 912.1 MB)
20/02/21 12:08:48 INFO MemoryStore: Block broadcast_120_piece0 stored as bytes in memory (estimated size 9.8 KB, free 912.1 MB)
20/02/21 12:08:48 INFO BlockManagerInfo: Added broadcast_120_piece0 in memory on 127.0.0.1:63917 (size: 9.8 KB, free: 912.2 MB)
20/02/21 12:08:48 INFO SparkContext: Created broadcast 120 from broadcast at DAGScheduler.scala:1161
20/02/21 12:08:48 INFO DAGScheduler: Submitting 1 missing tasks from ShuffleMapStage 120 (MapPartitionsRDD[628] at collect at arrowconverters.scala:269) (first 15 tasks are for partitions Vector(0))
20/02/21 12:08:48 INFO TaskSchedulerImpl: Adding task set 120.0 with 1 tasks
20/02/21 12:08:48 INFO TaskSetManager: Starting task 0.0 in stage 120.0 (TID 153, localhost, executor driver, partition 0, PROCESS_LOCAL, 11879 bytes)
20/02/21 12:08:48 INFO Executor: Running task 0.0 in stage 120.0 (TID 153)
20/02/21 12:08:48 INFO BlockManager: Found block rdd_251_0 locally
20/02/21 12:08:48 INFO Executor: Finished task 0.0 in stage 120.0 (TID 153). 1580 bytes result sent to driver
20/02/21 12:08:48 INFO TaskSetManager: Finished task 0.0 in stage 120.0 (TID 153) in 43 ms on localhost (executor driver) (1/1)
20/02/21 12:08:48 INFO TaskSchedulerImpl: Removed TaskSet 120.0, whose tasks have all completed, from pool 
20/02/21 12:08:48 INFO DAGScheduler: ShuffleMapStage 120 (collect at arrowconverters.scala:269) finished in 0.047 s
20/02/21 12:08:48 INFO DAGScheduler: looking for newly runnable stages
20/02/21 12:08:48 INFO DAGScheduler: running: Set()
20/02/21 12:08:48 INFO DAGScheduler: waiting: Set(ResultStage 121)
20/02/21 12:08:48 INFO DAGScheduler: failed: Set()
20/02/21 12:08:48 INFO DAGScheduler: Submitting ResultStage 121 (MapPartitionsRDD[634] at collect at arrowconverters.scala:269), which has no missing parents
20/02/21 12:08:48 INFO MemoryStore: Block broadcast_121 stored as values in memory (estimated size 27.1 KB, free 912.1 MB)
20/02/21 12:08:48 INFO MemoryStore: Block broadcast_121_piece0 stored as bytes in memory (estimated size 10.7 KB, free 912.1 MB)
20/02/21 12:08:48 INFO BlockManagerInfo: Added broadcast_121_piece0 in memory on 127.0.0.1:63917 (size: 10.7 KB, free: 912.2 MB)
20/02/21 12:08:48 INFO SparkContext: Created broadcast 121 from broadcast at DAGScheduler.scala:1161
20/02/21 12:08:48 INFO DAGScheduler: Submitting 1 missing tasks from ResultStage 121 (MapPartitionsRDD[634] at collect at arrowconverters.scala:269) (first 15 tasks are for partitions Vector(0))
20/02/21 12:08:48 INFO TaskSchedulerImpl: Adding task set 121.0 with 1 tasks
20/02/21 12:08:48 INFO TaskSetManager: Starting task 0.0 in stage 121.0 (TID 154, localhost, executor driver, partition 0, ANY, 7767 bytes)
20/02/21 12:08:48 INFO Executor: Running task 0.0 in stage 121.0 (TID 154)
20/02/21 12:08:48 INFO ShuffleBlockFetcherIterator: Getting 1 non-empty blocks including 1 local blocks and 0 remote blocks
20/02/21 12:08:48 INFO ShuffleBlockFetcherIterator: Started 0 remote fetches in 0 ms
20/02/21 12:08:48 INFO CodeGenerator: Code generated in 6.2501 ms
20/02/21 12:08:48 INFO CodeGenerator: Code generated in 47.7283 ms
20/02/21 12:08:48 INFO Executor: Finished task 0.0 in stage 121.0 (TID 154). 2716 bytes result sent to driver
20/02/21 12:08:48 INFO TaskSetManager: Finished task 0.0 in stage 121.0 (TID 154) in 86 ms on localhost (executor driver) (1/1)
20/02/21 12:08:48 INFO TaskSchedulerImpl: Removed TaskSet 121.0, whose tasks have all completed, from pool 
20/02/21 12:08:48 INFO DAGScheduler: ResultStage 121 (collect at arrowconverters.scala:269) finished in 0.091 s
20/02/21 12:08:48 INFO DAGScheduler: Job 76 finished: collect at arrowconverters.scala:269, took 0.141772 s
20/02/21 12:08:50 INFO SparkContext: Starting job: collect at arrowconverters.scala:269
20/02/21 12:08:50 INFO DAGScheduler: Registering RDD 639 (collect at arrowconverters.scala:269)
20/02/21 12:08:50 INFO DAGScheduler: Got job 77 (collect at arrowconverters.scala:269) with 1 output partitions
20/02/21 12:08:50 INFO DAGScheduler: Final stage: ResultStage 123 (collect at arrowconverters.scala:269)
20/02/21 12:08:50 INFO DAGScheduler: Parents of final stage: List(ShuffleMapStage 122)
20/02/21 12:08:50 INFO DAGScheduler: Missing parents: List(ShuffleMapStage 122)
20/02/21 12:08:50 INFO DAGScheduler: Submitting ShuffleMapStage 122 (MapPartitionsRDD[639] at collect at arrowconverters.scala:269), which has no missing parents
20/02/21 12:08:50 INFO MemoryStore: Block broadcast_122 stored as values in memory (estimated size 40.0 KB, free 912.1 MB)
20/02/21 12:08:50 INFO MemoryStore: Block broadcast_122_piece0 stored as bytes in memory (estimated size 14.6 KB, free 912.0 MB)
20/02/21 12:08:50 INFO BlockManagerInfo: Added broadcast_122_piece0 in memory on 127.0.0.1:63917 (size: 14.6 KB, free: 912.2 MB)
20/02/21 12:08:50 INFO SparkContext: Created broadcast 122 from broadcast at DAGScheduler.scala:1161
20/02/21 12:08:50 INFO DAGScheduler: Submitting 1 missing tasks from ShuffleMapStage 122 (MapPartitionsRDD[639] at collect at arrowconverters.scala:269) (first 15 tasks are for partitions Vector(0))
20/02/21 12:08:50 INFO TaskSchedulerImpl: Adding task set 122.0 with 1 tasks
20/02/21 12:08:50 INFO TaskSetManager: Starting task 0.0 in stage 122.0 (TID 155, localhost, executor driver, partition 0, PROCESS_LOCAL, 11879 bytes)
20/02/21 12:08:50 INFO Executor: Running task 0.0 in stage 122.0 (TID 155)
20/02/21 12:08:50 INFO BlockManager: Found block rdd_467_0 locally
20/02/21 12:08:50 INFO Executor: 1 block locks were not released by TID = 155:
[rdd_467_0]
20/02/21 12:08:50 INFO Executor: Finished task 0.0 in stage 122.0 (TID 155). 1909 bytes result sent to driver
20/02/21 12:08:50 INFO TaskSetManager: Finished task 0.0 in stage 122.0 (TID 155) in 19 ms on localhost (executor driver) (1/1)
20/02/21 12:08:50 INFO TaskSchedulerImpl: Removed TaskSet 122.0, whose tasks have all completed, from pool 
20/02/21 12:08:50 INFO DAGScheduler: ShuffleMapStage 122 (collect at arrowconverters.scala:269) finished in 0.024 s
20/02/21 12:08:50 INFO DAGScheduler: looking for newly runnable stages
20/02/21 12:08:50 INFO DAGScheduler: running: Set()
20/02/21 12:08:50 INFO DAGScheduler: waiting: Set(ResultStage 123)
20/02/21 12:08:50 INFO DAGScheduler: failed: Set()
20/02/21 12:08:50 INFO DAGScheduler: Submitting ResultStage 123 (MapPartitionsRDD[645] at collect at arrowconverters.scala:269), which has no missing parents
20/02/21 12:08:50 INFO MemoryStore: Block broadcast_123 stored as values in memory (estimated size 46.0 KB, free 912.0 MB)
20/02/21 12:08:50 INFO MemoryStore: Block broadcast_123_piece0 stored as bytes in memory (estimated size 17.1 KB, free 912.0 MB)
20/02/21 12:08:50 INFO BlockManagerInfo: Added broadcast_123_piece0 in memory on 127.0.0.1:63917 (size: 17.1 KB, free: 912.2 MB)
20/02/21 12:08:50 INFO SparkContext: Created broadcast 123 from broadcast at DAGScheduler.scala:1161
20/02/21 12:08:50 INFO DAGScheduler: Submitting 1 missing tasks from ResultStage 123 (MapPartitionsRDD[645] at collect at arrowconverters.scala:269) (first 15 tasks are for partitions Vector(0))
20/02/21 12:08:50 INFO TaskSchedulerImpl: Adding task set 123.0 with 1 tasks
20/02/21 12:08:50 INFO TaskSetManager: Starting task 0.0 in stage 123.0 (TID 156, localhost, executor driver, partition 0, ANY, 7767 bytes)
20/02/21 12:08:50 INFO Executor: Running task 0.0 in stage 123.0 (TID 156)
20/02/21 12:08:50 INFO ShuffleBlockFetcherIterator: Getting 1 non-empty blocks including 1 local blocks and 0 remote blocks
20/02/21 12:08:50 INFO ShuffleBlockFetcherIterator: Started 0 remote fetches in 1 ms
20/02/21 12:08:50 INFO Executor: Finished task 0.0 in stage 123.0 (TID 156). 3058 bytes result sent to driver
20/02/21 12:08:50 INFO TaskSetManager: Finished task 0.0 in stage 123.0 (TID 156) in 12 ms on localhost (executor driver) (1/1)
20/02/21 12:08:50 INFO TaskSchedulerImpl: Removed TaskSet 123.0, whose tasks have all completed, from pool 
20/02/21 12:08:50 INFO DAGScheduler: ResultStage 123 (collect at arrowconverters.scala:269) finished in 0.016 s
20/02/21 12:08:50 INFO DAGScheduler: Job 77 finished: collect at arrowconverters.scala:269, took 0.041367 s
